1
0
1
ASSEMBLY
1
COMPOSITE-1
COMPOSITE
1
COMPOSITE-1
14
-2147483646
0
48 1 16 5 0 1 0 -1 -1 91213 1 -1879048189 3 91213 
14
48 1 16 5 0 1 0 -1 -1 91213 1 -1879048189 1 91213 
2
1 1
2 2
-2147483647
1
COMPOSITE-1
14
-2147483646
0
48 1 16 5 0 1 0 -1 -1 64308 1 -1879048189 1 64308 
14
48 1 16 5 0 1 0 -1 -1 64308 1 -1879048189 1 64308 
0
0
1
COMPOSITE-1
18
BACK
0
1
496
-2147483647
1976 1 16 487 0 1 0 -1 -1 800 41 -1073741781 -1073741777 -1073741762 -1073741756 -268435367 -1073741725 -268435350 -1073741682 -268435304 -1073741646 -1073741642 -1073741627 -1073741615 -1073741611 -1073741606 -1073741602 -1073741503 -1073741500 -1073741494 -1073741491 -1073741484 -1073741480 -1073741468 -268435096 -1073741448 -1073741425 -268435050 -268435044 -268435034 -1073741396 -1073741393 -268435021 -1073741383 -1073741380 -268435006 -1073741368 -268434995 -268434989 -1073741351 -268434978 -1073741340 1552 64 1073741827 4 3280 416 32 0 65536 0 -2147221504 0 0 0 512 8 0 0 49152 3920 128 1 0 0 16384 4592 608 128 4 0 16384 0 0 32768 1090519040 536870912 268435456 132 1644167180 4 128 0 0 16777216 4251648 8544384 5424 96 2 352 -2147483648 0 131200 2048 0 32768 6416 160 71303168 134742018 8389120 131072 1048576 6864 512 2 640 1 0 331808 -1593800704 34304 73984 1048576 8391936 16384 0 268435456 0 0 0 -2143288832 262144 402653184 0 2097152 0 17825824 2099200 32768 134283264 2097440 0 0 135266304 0 0 0 131072 8144 256 128 0 0 262144 0 0 0 4194336 8592 352 2 608 1073741824 129 0 0 32768 1048704 0 16 0 0 2048 16384 0 8192 0 0 0 4096 0 0 65536 128 10288 64 32768 1 10544 416 134217728 0 1024 65556 4416 528 536903680 33570820 2 0 0 0 131073 11216 320 536879236 1073742336 1107296256 4194564 0 67108864 16777304 8 0 18874368 11792 64 -2147416064 1028 12048 96 1073741824 512 3145728 12272 64 16781344 384 12496 3104 33554432 0 0 0 135266304 2 0 0 -2147483648 0 0 128 0 134217728 135823424 3246096 5388548 1610682368 268447748 -2141977310 323841 85033356 159449248 1090568321 104878860 4227609 8388610 -2145730004 1243611189 1074815240 -1239382396 67108937 574621979 -2088761300 4743430 136337548 1141374977 266758 -1979449298 9970176 235929600 272496 1476592288 201435396 176948224 -1475346238 587334024 1612857616 16790048 22039170 940048642 2359889 609222848 -2111832064 152064064 10797826 1342619779 285362444 209740834 1446016 824214536 1351649425 1426106376 -2147221470 262912 17317973 170131730 -2122271722 38097170 1074118798 536873104 -1811414748 152043784 134546451 -1837596096 1116321 50332672 161488928 134219008 1880100865 -2079497162 67633664 1344276520 643825672 -1878228990 528 134217860 8389120 1073963009 65536 0 268435456 260 0 0 134479872 2048 15856 32 -2146959360 16208 128 1024 0 0 134217728 19216 32 8192 19984 160 33554432 134273152 658112 101392 2048 20272 64 28808 16384 20464 320 -2147483648 262145 17076288 0 0 0 73728 0 0 32 20912 64 -2147483648 -2147483648 21104 192 2 384 557056 256 0 0 131072 17825792 4096 201326592 66 0 0 8388608 21872 672 24 0 33554432 0 0 8192 0 0 2048 12648448 134218497 4194304 2097152 -2046787584 2031680 1074847872 2359810 84017408 1280 0 4194322 22832 160 327680 0 0 0 1127424 23440 32 2 736 1024 131072 24688 96 2 256 67108864 0 4194304 2097152 0 16 27216 32 2 1184 8 4 28976 32 2048 29264 64 134217728 1 30480 32 2 320 8388608 512 31184 32 2097152 31760 128 524288 0 0 4 33008 32 2 160 64 1073741824 33680 96 4096 0 536870912 34640 32 2 416 67108864 8192 35952 32 2 1248 1048576 128 37392 96 16842752 0 128 39120 32 2 7424 8 524288 52176 32 524 
0
0
BACK2
0
1
651
-2147483647
2596 1 16 642 0 1 0 -1 -1 946 59 -1073741763 -1073741749 -1073741744 -1073741737 -268435363 -1073741725 -1073741720 -1073741717 -1073741711 -1073741708 -1073741675 -1073741670 -1073741667 -1073741655 -1073741645 -1073741639 -1073741635 -1073741628 -1073741622 -268435186 -1073741548 -1073741545 -1073741527 -268435148 -1073741510 -1073741416 -1073741406 -268435012 -1073741374 -1073741368 -1073741359 -268434984 -268434978 -1073741340 -1073741328 -268434954 -1073741316 -268434943 -268434937 -268434931 -1073741293 -1073741288 -1073741284 -1073741279 -268434904 -1073741266 -1073741262 -1073741255 -1073741252 -1073741245 -1073741239 -1073741236 -268434863 -1073741225 -1073741219 -268434846 -1073741208 -1073741202 -1073741199 79 384 25 536870912 0 0 7340032 25690112 66048 50397248 0 671088912 270533632 4803107 1167 96 131072 0 512 1743 160 65536 0 0 16 256 2319 128 1 536887296 0 536870912 2959 32 2 448 262144 8 4719 96 67108864 0 8388608 4943 32 402653184 5103 128 524288 1552 576 34095104 5679 32 128 9167 992 82976 1073741824 80 1081350 16384 147489 536870912 0 0 4096 8 -2147483648 1 538181632 1073743872 8 2 0 1073758208 8 262656 0 8388608 268435584 268435464 0 0 0 131072 1342177280 8388608 10351 96 1090519040 22282368 203440128 10575 32 8192 11087 320 4194304 8389632 0 524289 32768 1073743872 131072 0 0 131072 11567 256 -2130706432 6291472 1064964 0 12288 268435456 0 6291472 12079 128 536870912 0 0 128 12879 64 2097152 131072 13711 160 128 0 0 0 16 14031 128 75497472 0 2 402653184 14319 2112 8192 2 0 -2147483648 0 0 0 1145077760 8388608 0 0 262144 0 -2037874688 2 1073743872 75497472 2623744 268472320 469762048 4325440 512 -1073741824 134218792 135267328 4320 0 0 81920 0 0 0 8192 0 0 1073741824 152 0 0 128 0 0 1032 0 0 8389120 327744 0 32800 0 0 0 4096 0 0 32768 0 0 67371268 0 0 4194304 14336 0 0 512 16559 32 2 352 512 8224 17135 32 2 17359 512 32 0 0 4 -2147483648 0 537133056 32768 0 0 16777232 0 0 4211208 -1610022912 4096 18063 288 4096 0 16 0 1073741824 0 0 4 589824 18863 32 2 352 2097408 262144 19599 2944 32768 -1061978112 4 1610612752 524306 67182720 4195328 679477250 -1795160576 818222336 100874242 671256588 1083338304 67108872 671088640 813699073 -1872608512 1615888960 277217280 553779200 -1585332224 268632072 17825792 33566720 302188548 1057793 8520704 117574400 -788266944 5382679 268701954 1073812480 268505283 713032960 621938688 -1828713464 1574920 1114640 -2077991936 -937078504 20058128 -717217708 -1035628016 -2147466984 144380066 285279268 10552352 -1555921518 7079952 539119154 404795936 142741378 223348478 75503376 -2080010136 269485752 270795809 1342885408 548406282 1885344336 1153762304 -1610577390 688016419 269049368 1074825290 -2012420864 537079824 1077985802 -519044991 1212844180 1975660552 35529864 1115773571 274759314 1647420428 549984666 6325672 512 -2146958336 67125248 537657412 -2147483647 0 1024 0 33555496 67108864 0 1157124 2687312 0 1118208 22671 256 131328 0 33554432 -2147483648 2 24 0 128 23055 768 3072 0 0 0 8 0 32 4194304 0 537395200 0 0 24576 0 0 0 1048576 536870912 0 512 0 0 0 268435456 24015 32 2 192 33554432 49152 24783 128 4096 0 0 7 25231 224 18432 0 0 0 1182794752 1 128 25711 160 262144 0 -2147483648 2080 40 25999 32 2 192 1048576 512 26735 32 2 768 16384 8 27887 320 8388608 0 -2147483648 2048 0 0 0 4096 0 -2147483648 28751 128 262160 0 0 2560 29327 32 2 224 268435456 8 29903 96 4194304 0 1024 30127 32 2 160 2050 1073741824 30543 32 2 320 2097152 524288 31215 32 2 544 16384 268435456 32047 96 524288 0 16777216 32463 64 67108864 536870912 33135 96 262144 0 16384 33519 160 33554432 0 587202560 0 256 33935 32 2 160 64 4194308 34543 64 4 1048576 35311 160 16777216 0 0 0 1048576 35599 32 2048 35759 160 67371008 0 0 0 4194304 36047 128 65536 0 0 268435456 36399 32 2 36559 96 16384 0 9 37039 32 2 384 2 32 37743 128 67108864 50331648 0 33554432 38159 96 131072 0 393216 40527 32 2 672 65536 4097 44431 128 544 0 0 2560 52207 32 33554432 63215 480 1073741832 32768 0 276824065 0 0 32768 0 0 131328 -2147483520 0 268436480 19529728 66 
0
0
BACK3
0
1
551
-2147483647
2196 1 16 542 0 1 0 -1 -1 800 49 -1073741773 -1073741767 -1073741756 -1073741753 -268435374 -1073741736 -1073741701 -1073741697 -1073741692 -1073741679 -1073741676 -1073741669 -1073741654 -1073741646 -1073741643 -1073741583 -1073741580 -1073741510 -1073741498 -1073741490 -1073741483 -1073741480 -1073741463 -1073741460 -1073741449 -1073741440 -1073741437 -1073741430 -1073741427 -1073741409 -1073741395 -1073741387 -1073741384 -268435005 -1073741367 -1073741364 -1073741360 -1073741349 -1073741344 -1073741341 -1073741336 -268434962 -268434956 -268434950 -268434944 -268434938 -268434932 -268434926 -268434920 851 128 1 1073741824 0 536870912 1171 288 268435456 0 0 2048 67108864 32768 0 0 32768 1715 32 1090781184 2067 288 1067008 0 268435456 0 0 -2147483136 0 0 4096 3315 32 2 896 8192 256 4531 1056 131072 0 0 1073741826 0 0 536870912 0 0 0 537135104 1024 0 0 557846529 8224 1680 0 524416 0 -2147483648 1064960 0 0 256 0 0 32 4196352 2048 0 132128 32 5907 64 1048576 33554432 6387 96 37767424 8196 4096 6995 352 524288 0 0 65536 24 1090650112 2624 -2012209152 536870913 4195328 19275812 7475 32 32768 7699 160 -2097152000 0 0 64 -771751935 8019 416 -2147483648 0 0 0 16777216 0 0 0 8192 1073741824 0 0 1024 8915 192 8487552 4194305 35655720 1141022720 16777473 33619976 9235 32 4096 12947 1856 268435456 0 0 65536 1025 0 0 0 1073741824 0 0 276824064 1082130432 0 0 16777216 1 0 0 167936 20 0 0 5242880 33554432 0 167772160 1140850688 32768 0 134217792 0 0 2097152 134217728 0 268435592 128 0 1081344 33554432 0 1048576 0 0 -2145386496 524288 16384 -2147483648 134414336 2097168 128 1049088 0 0 2097152 64 8192 14931 32 16384 15123 2176 4194304 687865990 -1069545308 1064960 813992962 136316985 121700896 8388612 1610619468 1095108931 -528202486 583795776 -1599974875 28682 39879200 1124075588 873254 35685412 327808 1082429490 -1607790516 336674820 34149124 83395152 1143017618 5259456 336629889 1077968898 671744004 271590976 87298048 271870496 -1877819296 -1039530360 -2141056000 1443913 33560644 -1433918656 -1002830688 -1572334591 2166800 1695023106 -1737489384 18878468 36159592 410539010 69888 25198608 1225990689 269508618 8388616 1143103689 27600016 201851920 -1876914172 1627915456 -2097119214 5041 12599826 134271104 537989320 135036930 538080064 18874368 1207964288 943786021 0 37748736 17459 320 -1598005920 536870944 0 134217744 0 -2147483648 2097152 0 0 1048576 18067 192 16842752 1073741953 70516736 0 0 4096 18803 160 16384 0 268435456 33554432 16 19091 32 32 19379 480 1073741824 0 0 0 2097152 128 0 0 440401920 1048594 -2079848924 0 524296 0 34816 20019 32 8388608 20179 288 226492480 257 0 536870912 10485761 -2147475454 8 0 553648386 20691 224 393216 0 1048576 0 0 0 294912 21139 32 268435456 21395 160 16 0 0 0 134217728 21715 32 2 22003 512 1207959552 134251008 68157440 1074790432 4096 2097155 524288 235012096 270570496 16 0 0 0 1397227520 1073741824 23068672 22803 384 33558528 0 8388608 0 33554432 0 0 0 19922944 606216 0 128 23539 192 4 4096 0 0 0 16777216 24019 32 512 24211 288 8388608 0 0 1 0 0 -2147483648 1 1 25427 32 2 352 4194304 65536 26515 32 8388608 26675 64 1610612736 1 27507 288 -2147483648 1 0 0 131072 0 0 0 3 28339 96 64 0 1 28979 32 4096 29363 96 16 0 1024 29651 128 536870912 0 0 4 30483 32 2 704 2097152 131072 32243 32 2 320 8 65536 32787 32 2 160 512 65536 33619 32 2 1728 2097152 1 37331 32 2 448 553648128 33554432 38099 32 2 224 16 524288 41107 32 2 1152 33554432 4096 46163 32 2 4768 4096 -2147483648 
0
0
BACK4
0
1
544
-2147483647
2168 1 16 535 0 1 0 -1 -1 926 45 -268435409 -1073741771 -1073741768 -1073741744 -1073741741 -1073741731 -1073741722 -1073741719 -1073741709 -1073741668 -1073741665 -1073741567 -1073741564 -1073741560 -268435182 -1073741544 -1073741506 -1073741475 -1073741472 -1073741438 -1073741433 -1073741430 -1073741425 -268435054 -1073741410 -1073741397 -268435026 -268435018 -1073741380 -1073741377 -1073741371 -1073741368 -268434994 -1073741356 -1073741353 -1073741349 -1073741346 -268434969 -268434963 -268434956 -268434950 -268434944 -268434938 -268434932 -1073741294 9 32 2 1248 41992193 1073741824 1449 32 2048 1609 704 2048 1064960 0 0 0 4096 0 2 0 0 65536 0 0 268435456 0 2 0 16384 0 0 0 2048 2505 32 32 2857 256 16384 0 0 0 32 0 0 1 3241 224 32 0 0 1073741824 0 4194304 1064960 3625 32 4 3785 256 4 8389120 8388608 0 4194304 0 0 268435456 4617 1248 16779264 16777216 8 33563154 0 130 -2046754815 33554497 1088 0 0 1 268435460 1073741824 2099073 134217749 0 0 0 262144 805306432 33554432 16 66574 8584 0 0 18 134283281 8454209 132098 0 16384 0 0 4 0 4194305 16 5993 32 128 6185 3072 604004352 5505024 33558592 268435496 142614658 4366336 36175873 671109128 1350852656 122341896 338727432 1623621904 1 167814176 268437504 1114628 130042945 -2147090424 136351200 235929632 -2010107903 -2146381688 -1743679485 33554450 77861120 268698200 2326816 4214785 67372084 20544 2105376 37748992 -2109341182 1157890144 33685796 335544320 114692 -1071644544 3211264 -1725947870 147456 403202059 788492 696598600 -1941878232 539601474 1620054149 86911244 73732 8392715 1073742030 -938409728 3072 -1473142143 105134081 570597386 -1610578640 -1543255504 1075314950 281019168 1109860515 21304068 -1539416063 -2136801280 -1610612736 805120 1111704066 100352 -902740448 69501504 285743616 135399556 -1830551040 270145692 -1073343304 138952725 4720896 51580424 266359813 165106 1077977390 -523492850 -1606904832 101712453 433201921 -2147479532 67903659 256 134217728 4210688 0 0 -2144329728 2 0 128 9417 32 1073741840 10281 64 110772228 384 10633 256 4194304 1073741825 -2147483648 32768 0 0 12583008 134348800 11049 32 2 224 524288 1073741824 11433 1152 536871040 1074003968 2 0 2097152 0 0 6177 32 0 1050624 65536 0 32 2496 12 0 0 8 256 8192 0 256 0 0 17924096 1 0 33554432 8192 256 1210187776 0 0 0 1572864 12777 928 131072 134217728 0 1048576 67108864 0 1954703971 1102 33554432 100663328 268967968 4 1074921472 33554432 1074267144 2048 0 -1610186752 32768 16384 0 67403780 67108864 0 0 0 8192 0 2097152 13833 32 8192 15145 1024 262144 0 0 1082654720 0 0 0 1107296768 0 0 109051904 16 0 0 1249919232 1536 0 -2146959360 4160 0 0 -2013265664 0 -1879048192 32832 0 0 1054756 0 0 1182336 2048 16297 96 134217728 1 2097152 16617 32 8388608 17257 96 138676736 8519680 1073741824 17705 32 167776256 17929 128 2 256 663616 0 0 256 2 67108864 0 1073741824 19017 352 16 0 0 2048 0 0 0 536870912 0 0 16 22409 32 16 23177 64 2 512 268435456 101 64 8194 23977 32 2 192 6144 40 24713 32 524288 25033 128 268435456 134217728 0 -2147483648 25673 32 36864 25929 128 134217728 0 0 16777216 26185 32 2 384 16777216 30965760 26921 32 2048 27433 64 536870912 4 28009 32 96 29513 224 603979776 0 0 0 2048 0 8192 30249 32 2 3840 8388608 -2147483648 34473 32 3 352 65536 2097152 32 36137 32 2 160 1024 20971520 37321 32 2 160 128 64 38057 32 2 2080 2097152 65536 42825 32 2 2560 1024 262144 46089 32 2 17696 32768 67108864 64009 96 264194 805306368 8423080 
0
0
BACK5
0
1
604
-2147483647
2408 1 16 595 0 1 0 -1 -1 962 53 -268435401 -1073741763 -268435391 -268435385 -1073741747 -1073741735 -1073741726 -1073741708 -1073741705 -1073741685 -1073741680 -1073741671 -1073741661 -1073741657 -1073741503 -1073741483 -1073741475 -1073741471 -1073741459 -268435087 -1073741445 -1073741442 -1073741430 -268435057 -1073741418 -1073741415 -1073741401 -1073741389 -268435008 -1073741370 -1073741366 -268434993 -1073741355 -1073741350 -1073741347 -1073741340 -1073741337 -1073741329 -268434954 -1073741316 -268434945 -268434935 -268434929 -1073741291 -1073741288 -1073741282 -1073741279 -268434903 -1073741265 -268434893 -268434887 -268434881 -1073741243 864 32 2 960 1 524288 2016 64 268435456 4 2464 32 2 160 268435456 268566528 2848 32 2 256 2 8388608 4608 320 1342177280 0 0 0 268959744 -1052770048 17834084 0 0 1581056 5056 224 41943040 0 0 34865185 1 0 1024 5664 512 4194320 768 0 68191266 0 2293760 2 1050624 32 524292 0 3 0 16384 32 1048576 6304 32 262144 6464 576 1090519040 0 16777216 201395716 512 0 0 8683520 4 524288 18448 541081600 8392704 16781312 2097408 -2147475456 0 2048 7552 96 20971536 -2147483648 536870912 8000 224 524288 4194308 69206080 0 0 0 98304 8352 256 8464 0 0 4096 9076736 8 0 18 8864 64 65536 4096 9152 4864 134512640 131074 120 64 0 0 0 -1610612736 134217728 0 67633152 1379926016 67108864 4227072 0 32768 1207959556 0 32 0 2 0 1024 67174400 0 0 0 4096 0 0 67108864 0 0 0 -1072658432 218104068 33566720 2112 88612866 586678400 1107296896 68321536 536906753 -1073655806 538968066 -1798830076 546832 1076887556 109052928 196864 1094721680 8389120 2130304 196624 38404128 35937 33557505 1089474564 4195337 33816576 5505312 43001348 338694214 55808 545260032 -1744568318 -2147467247 -2147377152 673382448 211288064 8389640 -2143149560 335814696 339806246 134615048 612368521 67677770 25299025 536909832 -2147481584 219813440 1227620362 1074070578 1073844288 6427668 202129632 7700625 -2042483556 67637312 151486592 352332866 202639360 75505920 -2138042368 84412416 -922733960 134549540 4481124 35717168 1247019280 1041525024 559980552 268845200 69264705 -1207943079 274219072 1075184401 -2134587040 559944804 50331908 1344438849 -1878647721 1074113117 -1843789744 239864423 1208559240 1075913028 1163922976 25724002 0 -2012217344 -2109592576 256 0 262144 17024 274432 0 268603392 4456448 512 0 1024 128 0 262144 -2147483136 1 0 0 -1610579888 129 0 1074806784 1548 0 -536870912 565312 4100 0 -2046689280 49184 14176 576 -2010120192 0 0 809510912 0 0 -1591476160 4 0 512 32770 0 134217728 9241088 0 0 134217728 34 14912 192 262144 0 0 2228224 0 268435456 17376 64 136316928 1 17696 320 101711872 655360 0 0 0 1048576 25477120 1310720 1043 16384 18400 64 8192 32768 18624 96 2 672 4096 0 268435456 1024 0 1048576 19584 32 1048576 19936 320 131076 0 0 0 16640 -2146435072 3200 0 0 16785408 20576 96 536870912 8422912 3162120 21056 32 3 256 1025 67108864 64 21856 32 32768 22176 384 40 12288 133120 0 0 0 134217824 8392704 1048576 1845499904 0 526594 22720 320 4608 0 25427968 0 0 16777216 0 48 0 16384 23232 352 65536 33792 0 512 0 0 2048 160 0 -1879048192 1024 23840 32 2 576 131072 536870912 24672 64 128 128 24896 96 2097152 0 1024 25408 32 2 192 262145 1 26944 96 64 0 33554432 27264 32 4096 27552 160 33554432 0 0 0 64 30176 32 8388608 30432 192 8192 0 0 2048 0 512 31392 160 65536 0 0 0 163840 31840 32 2 1504 524288 67108864 33664 32 8388608 34176 96 2 544 1048576 0 512 1073741824 0 536870912 35392 32 2 352 2097168 268435456 36000 32 2 288 64 8192 36640 32 4718592 37216 128 1048576 0 16 536870912 37664 32 536870912 37824 192 268435456 0 0 0 134217728 262144 38272 32 2 1920 134217728 8388608 40800 64 2097152 262144 42912 32 2 1952 2048 128 46368 32 2 576 1048576 64 52096 32 2 4416 128 16384 62848 384 8460 131072 16384 2 0 0 1 0 50331660 -1768816383 1620148288 11440 
0
0
BACK6
0
1
692
-2147483647
2760 1 16 683 0 1 0 -1 -1 1105 63 -1073741759 -268435387 -1073741749 -1073741746 -1073741737 -1073741692 -1073741681 -1073741678 -268435301 -1073741657 -1073741650 -1073741647 -1073741636 -1073741633 -1073741608 -1073741603 -1073741596 -1073741586 -1073741583 -1073741569 -1073741566 -1073741559 -1073741556 -1073741552 -1073741546 -1073741424 -268435050 -1073741412 -1073741409 -1073741403 -1073741398 -1073741384 -268434987 -268434981 -268434953 -1073741315 -268434939 -1073741301 -1073741295 -1073741292 -1073741285 -268434912 -268434906 -268434900 -268434894 -1073741256 -1073741248 -1073741245 -1073741237 -1073741232 -268434858 -268434852 -1073741214 -1073741211 -268434839 -268434833 -268434827 -268434821 -268434815 -268434807 -268434801 -1073741163 -268434792 1 64 1286670799 1925 1441 32 2 480 512 536870912 3297 32 8388608 4609 224 536870912 32 0 0 536870944 0 1073741824 4993 1376 65536 0 1074003968 1090781184 16 0 536870912 0 17301504 -1996488704 2049 2048 0 -2130706432 0 -2147483648 0 0 0 65536 131072 0 16 8 256 302022656 0 1048576 32768 0 65536 268437504 1 0 512 8519680 4276736 2621520 9443328 33554436 0 0 1048640 6561 288 32768 0 -2147475456 0 0 268438528 4 0 1 7137 32 2097152 7361 224 1573120 128 655378 0 1 2097152 4 7873 128 2 320 589824 0 0 16 8192 0 0 65536 8449 160 8 0 0 0 1310720 8737 32 8 8897 288 33619968 134217760 0 32 278528 786568 4194368 2097152 1024 9409 32 16 9569 736 65536 2048 4097 67108864 262144 32 0 0 16777216 131104 0 0 4194304 0 0 131072 161 0 5308416 264192 16 266496 20971520 10465 96 4096 134235136 1024 10977 160 16777218 75497476 131072 16777217 6 11329 256 4194304 0 0 0 272629760 589824 0 32768 11873 32 4194304 12065 384 4194304 0 0 16777216 0 0 8 0 4 0 8192 524288 12609 32 16777216 12769 160 2097152 0 16384 524288 128 13633 32 4194304 13825 64 134217728 2097152 15841 128 8388608 0 0 536870912 16257 3840 4 0 0 0 4 0 0 2060 0 16384 6 0 2113536 33554432 131072 0 67665920 256 0 4096 0 65792 0 67117057 1073741825 8388804 134221824 0 8650752 8659072 537411592 134358016 16777236 4817920 1207969280 1147174978 814318720 268503045 134512640 41 -1610337264 -1979710586 33816578 3146560 117448753 10104847 136588547 1115818012 1615110192 76571136 1074053128 38289416 276873227 -503250944 201393792 1110446096 58982656 25174017 268452096 270172160 201517213 -1584955392 1090800714 -1602217959 1082659116 1208012800 209977664 135266304 402948482 545784070 2295816 134434828 155353107 -1462203391 923800648 135397892 40149761 -1975463900 319490384 472461603 75543312 -249556951 538514240 151330864 -2130128052 58861632 1668285060 201617684 138035392 1099956258 756027513 1758137664 156107784 1954807910 -499056630 1696207008 505717168 1266968264 1883521539 -1540153292 1692701220 -1039137504 -1327492576 1345485160 -1977317101 1908622362 -1056964479 16779916 8 512 0 0 739272832 512 0 0 131072 0 2048 8 20769 128 32768 0 0 536870912 21057 32 2 288 67108864 1073741824 21505 32 16384 21729 128 8 0 0 1064960 22177 96 678166528 335774211 4194304 22465 384 131152 4 1114624 153092096 1 436207616 1088 8192 41943040 0 0 8 23041 864 16384 16384 0 2 268435460 512 0 83886080 0 0 0 8704 0 256 65536 0 138674176 16 262144 0 512 838860800 196608 25600 0 128 2621440 24417 32 2 320 -2147483648 134217728 25249 384 2 512 16777216 1342177280 2 0 0 0 134217728 33554432 0 1048576 536870912 2 1 32 0 0 8192 269746176 4 0 4096 0 0 327680 26337 32 2 384 655360 1024 26881 192 32 0 0 0 512 8192 27201 32 2 352 16896 536870912 27713 128 536870912 0 0 1090519040 28097 32 2097152 28385 160 2048 0 8 0 524288 28833 96 512 0 541065216 29217 32 2 672 268435456 2048 30049 32 2 288 67108864 2048 30561 32 2 608 8388608 16512 31553 32 2 608 2 67108864 32385 192 131072 0 0 16384 4096 134217728 33185 32 16384 33441 192 32 1024 0 0 0 1536 33761 96 33554432 1073741824 32 34113 128 327680 0 0 524320 34369 32 2 448 1024 109051904 35425 32 2 288 1048576 1024 36129 32 8 36801 64 8388608 128 37153 32 2 1216 512 16384 39009 32 2 192 8192 33554432 40129 32 2 832 4194304 17825792 41473 32 2 1024 1073741824 4 44449 64 2 384 131072 64 2097152 768 47201 32 2 608 1048576 32 48481 32 2 8032 128 1024 57441 32 1 63201 160 3 448 536870912 32 -2109734894 2029692936 818032749 -2147483648 1207959552 -17761648 1082650297 128 81920 268607491 1523854990 170434688 1182810129 
0
0
CBACK
0
1
51
79 82 83 140 227 228 229 258 262 263 280 287 309 319 327 328 371 375 394 396 409 420 427 431 432 436 440 442 445 447 450 453 63218 63245 63262 63311 63334 63339 63422 63511 63520 63542 63566 63609 63627 63648 63650 63652 63655 63664 63669 
0
0
SET-1
0
1
14
-2147483647
48 1 16 5 0 1 0 -1 -1 64308 1 -1879048189 1 64308 
0
0
SET-10
0
1
14
-2147483647
48 1 16 5 0 1 0 -1 -1 61981 1 -1879048189 828 61981 
0
0
SET-11
0
1
131
1 2 3 4 7 8 9 12 17 21 22 24 27 28 31 33 35 40 41 42 43 63230 63238 63266 63269 63287 63290 63296 63300 63308 63310 63312 63314 63316 63317 63318 63319 63320 63324 63325 63326 63327 63329 63331 63332 63334 63335 63341 63342 63346 63351 63352 63357 63358 63680 63708 63711 63717 63720 63722 63724 63725 63726 63727 63728 63733 63734 63735 63736 63738 63739 63740 63741 63742 63743 63744 63745 63748 63749 63750 63752 63754 63755 63756 63758 63759 63760 63761 63762 63763 63768 63775 63784 64111 64113 64129 64130 64142 64144 64146 64157 64162 64163 64164 64168 64170 64171 64172 64174 64179 64181 64183 64184 64186 64188 64189 64191 64200 64206 64208 64212 64214 64218 64220 64225 64229 64239 64248 64250 64251 64255 
0
0
SET-12
0
1
34
62850 62851 62856 62861 62897 62926 62945 63040 63106 63107 63128 63129 63136 63144 63153 63156 63159 63161 63162 63164 63167 63174 63183 63184 63188 63191 63197 63198 63204 63205 63207 63210 63211 63213 
0
0
SET-13
0
1
18
9 23 24 32 34 63811 64010 64020 64027 64069 64070 64076 64078 64080 64082 64083 64088 64096 
0
0
SET-2
0
1
17
-2147483647
60 1 16 8 0 1 0 -1 -1 2327 2 -1879048188 -1879048186 1 827 62809 1500 
0
0
SET-3
0
1
14
-2147483647
48 1 16 5 0 1 0 -1 -1 61981 1 -1879048189 828 61981 
0
0
SET-4
0
1
17
-2147483647
60 1 16 8 0 1 0 -1 -1 2327 2 -1879048188 -1879048186 1 827 62809 1500 
0
0
SET-5
0
1
14
-2147483647
48 1 16 5 0 1 0 -1 -1 64308 1 -1879048189 1 64308 
0
0
SET-6
0
1
17
-2147483647
60 1 16 8 0 1 0 -1 -1 2327 2 -1879048188 -1879048186 1 827 62809 1500 
0
0
SET-9
0
1
17
-2147483647
60 1 16 8 0 1 0 -1 -1 2327 2 -1879048188 -1879048186 1 827 62809 1500 
0
0
0
2

0
2
0
1
COMPOSITE-1
14
-2147483647
48 1 16 5 0 1 0 -1 -1 91213 1 -1879048189 3 91213 
0
SET-1
0
1
0
1
COMPOSITE-1
1
91215 
0
1
COMPOSITE-1
21
 P       1
0
2
14
-2147483647
48 1 16 5 0 1 0 -1 -1 91213 1 -1879048189 3 91213 
0
0
BACK
0
1
686
-2147483647
2736 1 16 677 0 1 0 -1 -1 1681 62 -1073741760 -1073741748 -1073741734 -1073741731 -1073741719 -1073741716 -268435340 -1073741702 -1073741698 -268435325 -1073741685 -1073741680 -1073741677 -268435303 -1073741665 -1073741645 -1073741634 -268435259 -1073741621 -1073741618 -1073741603 -1073741582 -1073741579 -1073741573 -268435185 -268435179 -1073741541 -1073741535 -1073741531 -1073741521 -1073741517 -1073741508 -1073741505 -1073741500 -1073741496 -1073741493 -1073741473 -1073741468 -1073741452 -1073741445 -1073741442 -1073741436 -1073741433 -1073741425 -1073741419 -1073741412 -268435039 -1073741401 -1073741231 -268434852 -268434846 -1073741208 -268434833 -1073741193 -1073741189 -1073741186 -268434813 -1073741175 -268434799 -1073741161 -1073741158 -268434785 19 320 1283 0 0 -134217728 16383 0 -2097152 255 -16384 1048575 1523 384 -4194304 -1 -1 -1 -1 -1 -1 -1 -1 -1 -1 2147483647 15507 32 2097152 16115 320 4194304 1482752 0 0 -2147483648 688138 16 0 0 131072 19667 32 131072 20275 192 128 524288 0 0 0 64 21299 32 2 192 1376256 1342177280 21715 64 168 2688 22035 96 168 0 84 22355 64 2 672 -2147483648 682 42 8388608 23251 96 536870912 0 -1476395008 23475 32 1048576 24595 128 -2147483648 10 0 42 24947 32 2 320 163840 469762048 25427 576 176685056 1376256 0 0 172032 0 0 86032 1073741866 5 1073741824 13 0 -717224640 131392 0 0 -536870912 26387 288 336 0 1426063360 341 10752 0 43008 58731216 5120 27475 160 655360 0 0 5376 21 28435 32 2 224 168 11 29747 32 8 30227 416 5505024 1342178048 1 21504 23 86016 0 28 4 1536 0 0 134217728 31411 608 3 0 0 0 117440512 -2125118816 16777216 671089536 7455232 100696400 0 65536 84082692 0 6292480 6717696 553734144 134217728 1310720 32179 32 5376 32467 128 44 176160856 0 4608 33011 576 1536 0 0 0 524288 0 0 2688 -2147287040 4 8193 192 0 16384 0 86016 -2141191520 1207959680 33811 32 2 288 27263072 6291456 34483 32 2 288 -805306366 13 34963 128 65536 2 8192 88080384 35603 64 -1610612646 2 35827 256 -1073741824 2 44040192 8388608 40 0 0 1 36243 64 1073741824 1 37011 224 1409286144 0 4 256 0 0 688128 37491 32 42 37683 96 176160768 0 172032 39763 64 81920 6291456 40467 32 352321536 40627 576 1879048192 32 67108866 1079248896 -738197499 0 4194304 352387072 21504 0 20973056 0 0 2621504 58720256 117440592 58720256 6144 41459 96 -2147483648 10 1179648 42131 448 8388608 0 1310720 117440526 0 40 2621440 0 0 28 136 86016 -2147221420 352321537 42707 160 -1744781312 10 526336 5376 134217728 42995 32 61341696 43763 128 1342177280 0 4395008 147456 44019 32 8192 44499 192 352321536 1744830464 0 0 268435456 893386752 45011 128 352321536 163840 12288 4882432 45651 160 64 0 0 0 512 45939 96 -1073741824 704700417 1 46227 32 2 192 100663296 41943040 46611 5376 234881024 671088640 1612972032 -2147479510 68040704 -1064304640 352343043 26 1703936 872415233 1744830464 0 1476919488 -1073741822 11534336 1426081792 106613 0 772997162 54525952 40960 -2147483646 167772162 1342177536 1342742528 168558928 8394752 16777475 2560 0 128 1075839160 1073741969 217101 1073872896 1476407340 83886208 330241 1611661312 2099274 0 1755971652 1280 69632 603979942 -2147483648 603979778 -1609826304 536911882 -1598029822 8434690 134217728 0 0 33555968 -1342095354 22020096 32 10551296 43008 536871232 16476 8320 44040192 27264 268456512 8 173312 -2147480248 1226842139 22020101 0 -1577057792 2271744 715653140 1073741824 136593409 16777216 402657280 22020102 8388864 336 738202272 10881 -2147483136 356583424 4352 327680 -1420820480 276829186 640 0 33947648 1084227584 268435458 1073782832 83968 323002389 -1957686016 96469348 -1173749728 2 67115008 4720652 268501120 1353711872 12582917 42 1078460928 3 167778328 41984032 295072 168558592 1074102272 86033 1124731560 168 172032 1409307648 0 0 4215872 88081060 8480 -1543044976 67454977 1246941184 537001984 29371009 1084245388 -2010906592 1342310272 18153536 0 1095238144 10500101 273951232 576 3211264 1073743360 536876045 71389187 16777216 -1609957376 -1434415102 626267478 1161994250 2360577 44048384 1073741824 2 352322880 1163198464 178913792 -1606418432 1610612824 768 178260640 1394177 209801280 -2146435032 -1069547519 4 41943040 33554432 6736 264320 52179 288 27787264 0 0 80 0 0 0 114688 131074 52723 32 2 1600 67108864 1048576 58099 32 2 2400 -2147483648 134217728 62035 160 -2126512128 536870916 16777216 0 864 62515 32 4 384 4096 8392704 32 8388608 63955 64 32768 262144 64179 32 3145728 64691 96 128 0 4194304 65427 32 2 320 33554432 1048836 65939 192 16777216 0 268435456 0 16 134217728 67059 32 2 2976 134217728 256 75155 32 1024 78611 96 8388608 0 8192 80243 32 2 8864 134217728 536870912 
0
0
BACK2
0
1
837
-2147483647
3340 1 16 828 0 1 0 -1 -1 1975 73 -1073741749 -1073741732 -1073741716 -268435326 -268435316 -1073741678 -1073741675 -1073741671 -1073741664 -1073741649 -1073741646 -268435274 -268435268 -268435262 -1073741624 -1073741620 -1073741617 -1073741601 -1073741598 -1073741578 -1073741548 -1073741536 -1073741525 -1073741521 -268435142 -1073741504 -1073741485 -1073741482 -1073741470 -1073741462 -1073741453 -1073741447 -1073741444 -1073741438 -1073741424 -1073741415 -1073741411 -1073741405 -1073741368 -1073741364 -1073741361 -1073741356 -1073741353 -1073741348 -1073741336 -1073741333 -268434954 -1073741314 -1073741306 -268434934 -1073741296 -1073741281 -268434909 -1073741263 -1073741253 -1073741249 -1073741246 -1073741102 -1073741090 -1073741087 -268434712 -268434706 -268434700 -1073741062 -1073741059 -268434687 -268434681 -268434675 -268434669 -268434663 -268434657 -268434651 -1073741013 6 480 133824517 535822336 1022 0 0 0 16320 3 -256 16383 1048574 -262144 31 62914560 7680 2694 448 -524288 -1 -1 -1 -1 -1 -1 -1 -1 -1 -1 -1 16777215 28672 12166 640 262144 8388608 3072 4 368682 0 0 0 1619001344 0 0 4194304 99618816 -2145910784 6291584 131072 67543040 1313792 -2147185088 1055656960 14246 96 2 512 2048 0 256 1 0 1605888 15046 32 2 928 10752 65536 16614 32 32768 16870 64 -1610612736 2 17158 160 1073741824 12 0 0 352321536 18566 416 1073741824 5 0 0 0 1360 344064 0 0 1073741824 0 0 84 19974 32 134217728 20390 64 512 42 21670 32 2 2720 5505024 256 24710 32 2 416 1024 168 25286 32 2 288 939524096 1 25830 64 1442840576 1 26118 32 65664 26342 448 11010048 536870912 1073774592 44728325 0 0 0 1073827856 5 0 0 1409286144 -2147481088 10 28134 32 1879048192 36902 576 1879048192 201327104 262186 8388608 0 1409286144 42029056 0 -1434451936 2 704643156 0 134275072 409600 -1472199360 1344 0 65536 37606 896 -2147483648 65546 98308 0 0 0 -1258291200 0 0 8192 0 32768 11141120 -1073741036 256 13631544 0 344064 0 0 32 0 369098752 0 43011 64 2 352322090 38662 320 128 25165824 0 134742016 2696 22020096 0 0 0 33554432 39110 288 64 0 8 0 0 134145 0 0 84 39526 64 1048576 2048 39910 288 -2147483648 100376 49 1397923840 1793 0 28672 1308622888 5 40518 32 2 1024 -805306368 33554432 41926 544 12 917504 478150656 1073741824 0 0 393216 1409286144 131072 0 3328 0 0 82 0 21504 13631488 42694 32 5376 43174 320 196608 29360212 0 -1073741653 11141120 768 0 0 0 27926528 43622 192 96 0 0 0 5 381681664 44614 224 42 0 2 0 0 0 10752 46502 128 2048 1073872896 1 1572864 48486 32 192 48742 128 1441792 0 0 2 49190 384 256 0 0 352665600 0 0 256 0 0 0 -2147483648 4 49766 224 268435456 0 0 0 5505024 0 168 50150 64 1073741824 5 50438 128 201326592 352976896 320 1409286144 50694 1120 268435456 0 -1610612736 2 0 8388608 352493568 -519918934 0 0 262144 -2147483552 -2147483648 10 0 -1596979200 2 1073938516 16791557 0 536576 24576 0 178970880 1835008 1611988992 -536870912 65536 2 2097664 31457280 18100448 17563648 -1073511784 6151 51974 64 620756992 1 52262 32 134222336 52454 96 4 271187968 2707680 52710 32 5505024 52902 96 524288 320 84 53158 320 262144 14680064 469762048 14761984 0 0 1409286144 0 168 4194304 53606 32 36864 53798 288 172040 0 0 256 0 0 1073747200 1074020354 2752512 54246 64 2 224 10 262799360 360448 134217728 54854 192 2752512 0 0 0 512 1048576 55718 64 29360128 21536 56230 32 2 448 448 4 56870 416 1048576 0 0 0 4194304 0 0 4194304 0 21 1102848 0 88 57446 64 4608 176160768 57670 160 2 576 54526104 57344 -2147483648 11273 56 21504 0 0 16384 28 58566 256 5242880 0 0 67108864 0 5376 0 698351616 59878 64 40960 704643072 60518 32 5242880 61190 4544 80 0 -1401858440 88110336 0 37748736 1049088 239075328 581 672 202473472 256 13631488 -2147483648 0 -1610608640 4226 88774656 -2147483480 1344980012 13281795 83929088 11223488 11779 -1441791998 704657754 50343936 1024 89 1845493768 3145729 1241526276 606209 939698448 -1609777147 423624740 0 151191756 -2147483584 536879104 189120512 134254608 1073741872 78848 36 -1788788731 146800641 84 0 1778384896 1430259777 538968064 1778540556 33558528 50675840 362240 0 1811939332 675379200 147391488 1377280 33581056 1074896928 67108916 754976072 -1610540524 434176 -2143289216 4096 0 1074277050 -2130378411 671093772 1076496384 -1610607275 1073742016 -1585183103 -1610546942 4211332 0 1075905808 143200256 1097728 1146912 16787472 268435496 -2080230399 1115136 -1500512252 -1398800384 -2144335856 -2113925120 -2147483647 53039106 1096089600 1630121301 -1520795637 -2143289340 393370 14336 267269 360714282 134217990 1311264 8421377 0 28589392 133376 1073816576 377856 5545996 1249910784 21660162 1073741957 268437072 402653184 125937664 276856834 1048832 8388608 5186 -1475992573 4198402 1482792 2107840 173608192 1409814336 -1051639808 335552554 10487342 536911936 539131922 -2147345248 698388 36098 67110912 20971528 32768 805306368 2097152 0 16777216 65862 320 134217728 0 0 8388608 0 0 0 67633152 0 50 66534 32 1048584 66790 160 -2147483648 0 0 0 16384 67206 32 2 288 64 2048 67718 32 2 160 536871168 16777216 68486 32 2 1792 16384 147456 70854 32 33554432 71046 64 -2147483648 6291456 71622 32 2 160 8 4194304 72294 32 2 3360 2048 128 76870 32 2 224 16384 2 77798 32 2 1504 128 33554432 79814 32 2 352 33554432 56 80838 32 2 672 768 8224 82342 32 2 4480 393216 128 90118 480 1073741824 1 2 1536 268437504 128 0 0 0 524288 0 24 33554432 1342177792 13542 
0
0
BACK3
0
1
752
-2147483647
3000 1 16 743 0 1 0 -1 -1 1681 69 -1073741753 -1073741746 -1073741742 -1073741727 -1073741722 -1073741719 -1073741711 -1073741705 -1073741702 -1073741692 -1073741688 -268435313 -1073741675 -1073741671 -1073741668 -1073741662 -1073741659 -1073741654 -1073741650 -268435277 -1073741637 -1073741631 -1073741627 -268435236 -1073741594 -1073741588 -1073741571 -1073741565 -1073741555 -1073741552 -268435161 -1073741523 -1073741516 -1073741510 -1073741507 -268435135 -1073741497 -268435111 -1073741473 -1073741463 -1073741456 -1073741442 -1073741438 -1073741431 -1073741412 -1073741387 -1073741367 -268434992 -1073741354 -1073741208 -1073741200 -1073741197 -1073741192 -1073741189 -268434814 -268434808 -1073741170 -268434791 -1073741153 -268434771 -1073741133 -1073741130 -1073741117 -1073741111 -268434739 -268434733 -268434727 -1073741089 -1073741084 20 160 1539 0 0 0 -8192 308 64 -1 33554431 1876 416 -1073741824 -1 -1 -1 -1 -1 -1 -1 -1 -1 -1 -1 127 13428 96 1073741824 5 16384 13716 32 352321536 13972 192 84 0 0 8192 0 64 14772 128 32768 0 0 352321536 15220 32 21 15380 256 42 0 17408 0 0 0 16384 4 15764 64 1342177280 1 16724 160 8 0 0 11010060 2560 17140 32 2 608 4 8 17908 64 1161822208 5505029 18132 32 1280 18356 128 352321536 0 0 86016 18644 32 160 21076 96 16384 0 268435456 21396 64 16 2688 23572 96 65536 0 1048576 23796 64 2 672 -1610612736 2 1073741824 5 24692 128 3136 0 0 344064 25108 64 256 42 25460 672 524288 44040192 88080384 1074266112 3 84 0 0 0 536870912 33554432 0 0 1280 10752 119144448 21504 1409286314 0 11010048 698882 26324 96 2 352 21504 -1610612736 2 9216 41943040 43008 26996 128 671088640 0 0 1048576 27316 480 1344 256 0 1342177280 1 672 172032 0 0 0 469762048 22020096 86016 0 2048 28820 128 -1610612736 2 0 44040192 30100 256 3670184 268697621 48 -1610612687 2 0 1342177280 1 31732 32 672 31924 672 21 581599232 0 512 0 352321888 -2143117256 10 0 1610612736 1376256 88080482 65544 1073741824 1073741825 1409286149 1388314624 -1710587904 537921 0 256 32916 32 2 544 160 1094 33620 160 5120 537395200 0 -2146795520 1344 34132 128 1048576 0 0 344064 34548 32 44040192 34836 64 -2147483648 2058 35124 32 2 256 16552 1024 36244 512 117440512 715128874 3145730 360448 1048576 50331650 4194368 1408 -2147483616 44050944 402653191 -1878971888 0 1048576 131072 11010048 37140 32 2 864 4 4 46484 256 -2147483648 0 0 0 64 0 0 6553600 46900 160 80 536870914 0 0 1073741824 47252 384 4096 163840 0 0 0 8192 32768 0 21 0 1342198784 1 47764 64 8847360 52 48052 160 11560986 0 46336 0 8192 48436 544 11091968 1024 0 10752 0 0 0 163840 0 -1607860224 2 4096 0 0 0 168 83886080 49140 736 -2145386496 0 1376256 0 0 11010048 0 0 1051136 0 416 21504 0 0 0 -1476395008 784 0 -1610612736 0 0 0 1073746944 50100 576 -2147440640 9 97 0 40 0 0 50331648 0 13369344 22020224 0 320 100663296 0 1048576 13631488 8388608 50836 160 11010048 6291456 0 0 40960 51412 32 2 224 1408 256 51796 4608 1148190720 -1341782014 0 1755897908 11534376 7168 704644096 12 -1073728512 353370114 134220448 3407872 1426194688 53248 128 10240 172032 447217696 -1878260976 1073744961 1652566272 1409294592 357916672 1024 245760 807485525 4210722 1052741 290 134430720 10752 75498152 0 168034305 10113024 256 1610776616 352372736 86016 786448 33554434 8388608 1342439460 -536870271 331266 172118 41184 357826593 131089 1207959552 -2147440192 -1573557086 1083484482 3670056 0 37748997 1083185232 10784 469803008 278528 335545488 446693432 5632 849432608 1702887426 269133825 98305 1196032 5242880 536895509 873103877 1426106368 536875008 1118470144 218103843 671129600 174336 722 86785 282397312 -935319510 -1979710208 109051906 -1792505280 1342177280 18956288 0 0 277020672 17301517 10496 -1610481195 -2146959360 -1845493719 17973250 34 603979776 -1610610686 -1073714518 -2147483648 336232450 268435456 -2147483648 -2147481600 1073741834 186646529 512 2621524 3145760 150994944 -2147483520 1749027334 -2146172832 673185802 444612628 0 2097429 1074036736 32817 2128 1342203904 88080901 914360320 10752 1711286784 34487301 536870912 -2147085055 18 0 1431650325 -1539047424 21660865 0 704652288 402653184 1421910016 42019472 41943040 0 167788560 1094721536 68096 548997376 56884 192 1427118080 -1073676284 262144 0 0 1024 57204 32 128 57364 96 2097152 0 512 57620 32 1073741824 58260 160 1073745920 1 0 81920 2097152 59764 32 2 192 16384 48 60276 32 2 800 32 16777216 61268 288 -2139095040 83886082 0 671154176 16777216 5120 0 0 10 61684 32 2 384 65 33554432 62388 384 796672 0 0 0 67108864 32 288 0 0 0 -2147418112 17301504 63156 32 2 160 83886080 4096 63540 32 16384 65524 352 128 0 0 67108865 0 0 0 1024 0 0 33554432 66100 128 536870912 0 0 16384 66772 64 256 16 68852 32 2 352 256 32 69524 32 2 3520 50331648 512 74196 32 2 256 36 16384 75092 96 512 0 512 85524 32 536870912 
0
0
BACK4
0
1
733
-2147483647
2924 1 16 724 0 1 0 -1 -1 1933 63 -1073741759 -1073741751 -268435367 -1073741727 -1073741723 -1073741720 -268435344 -1073741706 -1073741703 -268435326 -268435320 -268435314 -268435308 -1073741670 -1073741667 -268435293 -1073741655 -268435277 -1073741639 -1073741605 -1073741585 -1073741566 -1073741554 -1073741551 -1073741547 -1073741540 -1073741537 -268434952 -1073741310 -1073741307 -1073741300 -1073741291 -1073741284 -1073741281 -268434905 -1073741267 -1073741263 -268434887 -1073741249 -268434878 -1073741238 -1073741235 -1073741223 -1073741217 -268434845 -268434839 -1073741201 -1073741197 -1073741194 -1073741190 -268434817 -268434811 -1073741171 -1073741164 -1073741155 -268434783 -268434777 -1073741139 -268434763 -268434757 -268434751 -1073741113 -1073741110 3 192 -1073249789 7 1069547520 -131072 -1 33554431 611 448 -67108864 -1 -1 -1 -1 -1 -1 -1 -1 -1 -1 -1 -1 524287 3107 64 2 8992 -1073741824 1 134262784 -1860501504 15235 64 -2147483648 10 15843 32 688128 16419 192 10752 0 0 0 1376256 40 16963 32 2 192 22020096 7 17507 32 352321536 17763 224 256 0 0 688128 0 0 1376256 18147 32 2 384 1380352 84 19107 32 2 928 10752 176160768 20451 32 2 288 10752 603979776 20995 32 2 224 2 42 21539 32 21 21699 128 43008 0 3211264 21504 21987 32 2 256 4096 168 22659 256 393216 0 0 5242880 44040192 0 -1610612736 2 23075 32 2 256 3584 27262976 24643 1024 536870912 352321536 1342177280 1 262144 0 336 44040192 0 0 0 1409368064 11010048 672 5505024 0 0 0 21546 0 0 2752512 0 11010048 22364160 42752 1344 704643072 0 1409296896 0 32768 25827 576 14680064 0 0 0 21504 268435456 -1006632960 0 0 0 88166400 -964689920 682 1344 2793512 0 0 84 26787 544 1409286144 0 0 26 0 10920 2048 0 672 163840 0 0 -1476395008 805650902 134217728 -478145280 43008 27555 320 21504 0 81941 5570560 268435456 458763 1610612904 1572864 738202880 720896 28035 32 1344 28259 64 -2147483648 10 28451 160 176160768 0 0 42 33554432 29059 32 672 29539 6880 -1442840576 10 13568 0 2115668 1073741824 21506 172032 428032 0 176160832 1610613056 -1607335936 4195330 436207616 268566684 4096 1409286272 16777888 10485760 710148096 -1476395008 14 -1442839895 11012738 4719269 88738388 1409357140 2098453 -1608384344 1355809410 335544401 86016 1435140768 1163198465 2 0 10485760 2884612 101634 0 -2147483648 76546058 167772244 1408 1342214480 2097409 10827092 131072 31457280 1207959552 89565876 20987909 1310720 229376 134235472 339738624 -1308579168 -2080307968 655892 687871660 537034761 8590344 0 33554488 1616118016 -1610612730 344106 1376256 151000320 44826624 -1475739628 268436096 79429632 3211312 1476395648 1568 872415232 1074016256 1 11010048 20971520 -2136997720 1419771914 141824 346554880 671088640 5505028 5506388 167774720 0 0 1141014656 1426063360 85 0 45056 27262976 27264 2785376 542375936 12582912 1345326080 389 167815168 0 52166656 6313600 -2046574592 425994 0 87360 1090652160 -1440087996 1744905234 1614106880 9447941 147849552 -2145910144 -1308620160 16779520 27951440 1311872 160 403352064 -2147483616 708837386 4608 20971520 33565184 335806474 -1879048192 1049088 4718592 3186688 671115424 -1610612718 524340 1074152096 -1610612735 22786 672 170398988 357826560 -1434432896 50331686 537264288 20971520 1241677824 1 176166229 1448 704663552 10 1409286304 1409287424 264720 12 19578952 46338 276824064 53248 0 0 1283 1510031360 160 268441600 -2147286784 1509950532 85 10526720 153659728 1108609042 1241530368 335544320 41943872 262144 167772240 4194336 0 715129088 1363148808 26021933 1048598 152896 -2146271200 537199189 16842752 352321544 536871168 8 558367136 145249600 -2144466944 -2146084534 6970068 356 12593452 4106 -1602222080 369100802 9740368 -2144837632 268437504 11010091 1677721600 -2147483648 805568512 -2147483391 2 1073741824 65620 603981824 8192 36547 96 2 288 3276800 0 -1610612736 1610612736 0 32 37091 32 64 39683 160 268435456 0 16908416 4 64 40803 224 256 0 0 16777216 0 0 10240 41251 160 72 16384 0 0 16384 42467 32 2883584 42787 192 65536 0 1179648 0 0 80 43171 32 2 192 2 11010049 43619 64 805306368 16777216 43907 192 1048576 0 0 0 8260 671088640 44419 32 2 288 8388608 32 44931 32 138412032 45219 64 2 224 36 524288 67125248 8208 46275 32 16384 46691 320 -1946157056 1081490 550152 0 0 0 524288 8192 738197504 268435456 47267 128 262154 0 0 1048576 47523 64 84672512 1048576 47779 32 2 960 1073741860 268435456 51843 32 2 224 131072 100665984 52291 64 20480 67108864 52547 32 1327104 52835 64 -1474297836 8192 53027 96 8388608 0 2048 53283 32 2 192 16777216 256 53635 64 2 192 13632512 4096 33554432 1024 54307 160 32768 0 0 0 16 56419 224 6144 2048 64 65536 0 0 2097152 57539 64 8 1 57955 32 2 640 5120 -805306368 67395 32 2 1376 67108864 4 70595 192 4194304 0 128 0 0 256 71523 32 2 544 32768 256 72291 32 2 576 2097152 8832 77219 32 2 3552 2048 8388608 81731 32 268435456 90755 256 88080384 0 4194304 0 64 0 -2147483648 4153856 
0
0
BACK5
0
1
788
-2147483647
3144 1 16 779 0 1 0 -1 -1 2005 66 -1073741756 -1073741745 -268435361 -268435355 -1073741717 -1073741714 -1073741709 -268435337 -268435331 -1073741693 -1073741685 -1073741674 -1073741670 -1073741667 -1073741660 -1073741657 -1073741639 -1073741620 -1073741610 -1073741607 -1073741603 -1073741596 -1073741570 -1073741561 -1073741549 -1073741546 -1073741532 -1073741526 -1073741523 -1073741519 -1073741509 -1073741477 -1073741468 -1073741464 -1073741461 -1073741231 -268434849 -1073741211 -1073741206 -1073741202 -1073741196 -1073741192 -268434821 -268434813 -268434807 -1073741169 -1073741162 -1073741158 -1073741153 -268434777 -268434771 -1073741133 -1073741130 -1073741123 -1073741120 -1073741116 -1073741110 -268434735 -1073741097 -268434724 -268434718 -268434712 -268434706 -268434700 -1073741062 -1073741059 14 288 24627 0 -16777216 -8129 0 0 -67108864 -1 524287 1102 448 -134217728 -1 -1 -1 -1 -1 -1 -1 -1 -1 -1 -1 -1 134217727 3086 32 2 10432 67043328 21 16622 32 2 544 32 176160768 17838 32 44040360 18990 96 256 0 3670016 19406 64 5505024 672 19982 32 2 928 1344 84 21518 32 2 1024 8388608 134217728 24590 192 134217728 0 0 134217728 50848 32768 25134 288 88080384 1376256 688128 -1476395008 1426064768 22358533 44040192 344068 262228 25646 64 176160768 5591040 26222 32 10848 26478 160 688128 5376 1101529088 1342177285 44040192 26862 32 336 27950 512 524288 0 33554432 0 822083584 0 11010048 2097152 134219064 0 0 136577024 -2147319808 40974 6430748 84 28590 544 173277184 1536 1376256 0 0 536870912 29360161 403701760 0 2097152 0 -1073610752 1 0 0 1073741824 171 29262 256 4194304 49152 -536870912 0 0 0 1073741824 5 29902 32 704643072 30382 64 7168 10752 30574 160 234881024 176160768 451149824 -2147483646 704643754 30990 768 1946243079 64 200 0 0 0 3072 -2147476480 458 0 234881024 235085824 -939524096 3670016 0 917608 0 1342177287 1 672 73760 0 0 9437184 33070 224 262164 -1610612736 44 -1073741824 1 0 80 34158 320 672 5376 0 41943042 704644096 10752 0 0 0 16777216 34638 32 179044352 34990 384 -1607838720 2 0 4194304 0 0 0 1073741824 5 0 -2051014656 671088690 35502 128 294912 0 0 67108864 35758 32 131072 36174 64 21504 176160768 36910 256 152832 -2147482304 1073741834 2 -1431658496 10 0 218103808 37486 960 22106112 0 1409286144 128 0 0 5526528 128 42115072 10773 0 22020096 0 0 40 8 0 1073741824 0 168 320 -1459617792 0 0 0 6 0 0 0 11010048 38574 224 344064 0 0 1409286144 738197504 0 262144 39022 64 655360 64 39310 32 88080384 39630 7296 688212 716243000 10753 1073741824 2785 87040 327680 6365184 131328 65540 707395920 82256 -2147483648 603979778 6296875 1073741856 1376592 1074266112 1073741825 343932929 786432 640 1578368 1080049664 1421869057 21168130 33554432 136314944 83886080 34820 344064 313000448 103067669 671089792 -1610579296 67108866 448 0 742400 0 2621440 -1734344704 -2147483642 27787331 1048576 -1609542656 1095401474 -1610612731 2 36 469768193 163840 32896 23592960 0 872415248 176160896 22021632 4 1310720 5898240 134217728 1310720 1967128578 3 1376265 0 0 2048 20971529 1175846917 -804782075 -2147450838 -1811938240 655362 640 1610657280 -738197167 2860 0 0 1342186144 18432 0 24 24618 84 2304 34048 0 868392 11534336 0 -805224331 8 176228608 3145728 9216 -2136472928 1342178821 815796225 169869332 33554432 2889472 2048 1050784 19530880 201850880 1073778752 5 1073750016 47054882 32773 33718288 8398848 131092 33554433 0 268435456 0 8388608 22122496 1075120384 1073743190 512 -2121746944 27280714 37748780 11026432 0 37748736 5506048 0 100683776 131108 74 245366784 -1339555840 33665026 591397888 0 88080404 692103208 20971524 1067008 4096 0 172960 -1610610176 -1442839552 268435498 130 11010048 6818816 11024 -2147393276 88080384 104 86016 10320 86016 1073742848 1073754176 394665 48506880 39846912 1048581 344384 1310864 84 4608 1073742496 1073741827 -727184635 331778 134236805 715128833 393221 -2147311584 -2147479548 92276995 10880 1074790400 44302608 20971520 33745440 1048736 22200 5242880 416 5243024 -2147472832 224919552 -1610414771 76808193 71827620 22282256 67111424 8192 172032 134220820 1476788388 -1609166807 1342177280 -1878948703 328 5632 -1073714112 188088400 1509957640 87163393 3145728 33554437 541220864 1065004 0 201326596 8388616 178257930 0 8 0 0 0 8 137625600 -2147475454 10 47086 384 5 0 0 0 128 0 0 0 -2013265920 0 12 4096 47694 32 2 288 -1476395008 3 48270 96 32768 335544320 -2147483563 48526 64 2097152 8388872 48782 128 67108936 83968 -2147481600 1 49070 64 512 1 49614 32 67112976 49774 64 2 288 6291456 256 536903840 66 50286 32 2 288 16777216 4100 50830 32 2 544 2163456 4096 51598 160 3072 0 0 0 536870912 56750 64 6291456 131152 57518 96 -2145386496 0 -1610612736 57838 192 10240 0 8389640 0 64 536873472 58734 32 2 288 1024 16384 60654 32 2 512 16 36864 61902 32 512 62126 160 49152 0 0 0 2097152 62478 32 2 63022 64 524288 268435456 65742 128 2048 0 256 134217728 66126 160 4096 469762048 0 0 402653184 66606 32 2 320 16384 512 67470 96 268435456 0 16384 67854 32 2 2112 32768 16777216 70446 32 2 960 32 2097152 77454 32 2 960 8388608 8 78670 32 2 1888 262144 2 81294 32 2 640 536870912 4096 86990 32 65536 89774 384 33554432 0 1426063360 20971525 164 0 100663296 0 20480 337914177 -2125707007 2035 
0
0
BACK6
0
1
877
-2147483647
3500 1 16 868 0 1 0 -1 -1 2292 76 -1073741746 -1073741731 -1073741715 -1073741711 -1073741705 -268435330 -268435324 -1073741686 -1073741679 -1073741676 -1073741672 -1073741666 -1073741662 -1073741646 -1073741643 -1073741623 -1073741620 -1073741614 -1073741601 -1073741595 -1073741587 -268435191 -1073741551 -1073741539 -1073741535 -1073741517 -268435144 -1073741506 -1073741503 -1073741494 -1073741487 -1073741484 -1073741460 -1073741457 -1073741443 -1073741437 -1073741434 -1073741409 -1073741400 -1073741385 -1073741379 -268435006 -268435000 -268434994 -1073741356 -1073741349 -1073741346 -268434966 -1073741328 -268434955 -268434949 -1073741311 -1073741300 -1073741285 -1073741099 -268434727 -1073741089 -1073741086 -1073741082 -1073741060 -1073741055 -1073741047 -268434674 -268434668 -268434662 -268434656 -268434650 -1073741011 -268434637 -268434631 -1073740993 -1073740986 -1073740982 -1073740979 -1073740971 -1073740964 3 416 986480643 4094 0 16646144 0 -131072 -4193793 -16777209 2047 0 -8388608 -1 2032067 2243 448 -16777216 -1 -1 -1 -1 -1 -1 -1 -1 -1 -1 -1 -1 -1 3107 64 1073512416 1048320 12067 128 3950416 13114596 1737781361 7 15523 160 32768 0 0 0 128 15811 32 2 1728 10752 1376256 17699 32 2 416 67108864 -2147483648 19427 160 16384 0 0 0 1048576 21411 32 672 24707 64 58720256 5570560 25091 128 -2080374784 10 0 42 25379 64 -2147483648 268435466 25987 448 42 0 536870912 32 2097152 0 0 1792 86024 0 29360464 21504 5376 16 26723 32 168 26883 576 44040192 672 0 0 -736820912 10 22544 0 0 0 96 0 0 524288 0 0 0 44040213 27587 32 21504 27907 128 1342177280 1 0 176160768 28195 352 2688 0 172032 0 0 10485760 0 0 0 1835008 -1475018752 28675 128 67108864 22020096 0 176160768 28963 192 21 0 -1610612736 -1610612736 229378 65536 29283 832 5376 0 0 21546 0 1342521344 44040361 41056 476577792 0 -1434451968 -1475215358 33554432 0 -1476395008 268435456 32768 0 4096 0 0 1134592 5373952 0 0 4 30627 64 2 192 1073741824 12544 1344 11042816 31011 320 16 0 501760 -2146435072 18434 0 0 0 -2147483648 10 32003 64 536870912 10240 32579 512 86016 -1610612736 5 17408 1074266112 5379 788480 0 33554432 4194304 5505024 0 0 0 336 5376 33827 96 1409613824 0 2129920 34051 32 2 576 65536 83886080 34883 32 58720256 35107 224 1 0 0 196608 0 0 2162688 35523 160 -2147483648 9226 0 0 2048 35843 32 -805306368 36227 704 1376256 268436352 117440512 0 939524096 0 0 112 2097152 270464 0 5242880 6 -1609515008 358088704 33555456 536873984 42 16 805306368 131200 1088 37507 32 1376256 37923 384 7344128 0 0 5376 22024192 2688 0 134217728 100 704643072 0 688128 38531 128 2688 26624 13631488 524288 38851 32 1409286144 39043 736 67108864 0 5505024 -1473773566 284 8448 1048576 16 268435712 0 1073741824 1412038676 8192 -1472195072 33554464 402653184 0 8192 50332320 536897536 32 262144 49600 40227 224 1610612800 0 0 -1871708160 -1610612735 -2147483648 1 41539 416 1073741824 0 1879310336 0 2621440 25600 -2059403264 2 12582912 352321536 0 -1073741824 22 42595 128 -1073741824 0 0 33554432 42883 96 22020096 5376 352321536 43139 32 2 896 1536 1179648 44547 32 2 256 160 1048576 44963 32 2 192 20971520 128 45315 160 5505024 0 0 -2147483648 10 45923 32 672 46275 320 8388629 524288 0 0 5242880 0 0 86016 0 6656 47683 32 2 608 8192 1310720 48771 96 10752 0 16 53379 32 2 192 1179648 20 54179 32 2 256 42 1376256 54659 288 11182080 6272 0 0 0 1409286144 0 -1073741824 42 55075 416 -1073741824 513 2048 0 80 -1610612736 0 0 0 1410596864 4194304 536870912 42 55619 5888 4718592 0 131072 0 0 8256 0 1024 4194308 672 25165824 112 411107328 92274816 0 8192 1536 7168 0 0 -2147483648 1625292808 201327360 720900 19482 134328 4096 12 32768 -2136473600 2626057 1073741824 39127210 176160768 352322154 86016 151199912 -805295544 262154240 9961477 1792 12746880 -2125258752 13 524288 384 737328 -1811939104 -1543329278 4194442 1084751872 139265 352321536 168 39069696 44695552 55681032 1457520704 3838977 -2147464704 -536870581 -335019007 1477117192 -1602222848 -2147476094 688130 215186 102918 4194458 7689216 27264000 67158016 334 41946624 1049600 262144 1342241288 10282 1073807366 1076364929 100663297 0 3669 176160768 17317888 167776256 4194304 4194304 805399082 8481448 1184190485 1703936 1207960064 70517227 4866086 11010069 -2145768443 407371802 67175438 167804928 269221888 1073742352 1342177280 3147777 -2147481583 1073741834 -805220352 134288904 268476736 65608 88166400 0 67108900 285266564 22020192 570425344 1091080193 1310720 -2117775320 811619368 -1173618648 1249913350 33536 92279296 373334018 1075876480 -1588183040 -1857246528 1082916948 89412042 1074593920 524314 2115640 83910688 355072 268502400 171966880 675317888 67584 4276234 1387282496 15532032 1342193728 101400587 176162880 536891400 1024 352321536 136317217 4216848 21643264 21638212 1409417216 1207959752 80 140560 2785429 90966048 1409329163 16842841 1073743010 1377830931 268435653 360726563 1409810432 167775040 545792 -1876385784 83886124 100663564 32769 1227362720 -2129614492 134480000 604014600 41944148 9360 0 704643072 3240 327680 0 0 268435456 61699 64 981565440 8388608 63331 32 2 544 1048576 1048576 64451 32 8388608 65763 64 134227968 67108866 66147 640 67113472 262144 0 33554432 0 0 1024 0 0 0 67108938 32 0 131072 0 -2147483648 0 0 0 16777216 67235 96 2 0 134217728 67939 192 134217728 0 0 0 10240 1 68547 96 16 0 1 69571 32 2 544 768 536870912 70947 32 2 448 -2147483648 1342177280 71875 32 2 160 24576 1048576 72515 32 2 576 1048576 12288 73283 32 3 224 8 18432 16842752 74435 128 2 0 0 1048576 74851 32 2 352 768 67108864 77027 32 2 1984 1024 2048 80163 160 256 0 0 4194304 1048576 80515 64 80 268435456 86979 32 268435456 90115 192 268435456 134219784 595592016 134250752 1857172634 24575 90563 160 536870912 33695748 214450448 -34096974 62975 91011 192 1745092610 -2147483480 108199936 1581322603 33014186 795651 
0
0
CBACK
0
1
143
6 8 23 31 32 58 59 60 61 62 63 64 65 66 71 72 73 74 75 76 77 78 79 204 205 206 207 208 209 210 211 389 390 391 392 393 394 444 445 446 447 463 464 465 466 3122 3123 3124 12184 12221 12240 12241 12264 12295 12297 12299 12307 12309 12310 12312 12445 12451 12452 12540 12562 12570 12571 12572 12573 12574 12576 12601 12602 12613 12621 12635 12636 12663 12691 12693 12695 12696 12704 12720 12721 12728 12730 12748 12751 12752 12753 12757 12760 12773 12784 12785 12792 12793 12795 12796 12797 12799 12800 12801 12802 12803 36931 36943 36961 37300 37336 38375 41929 61281 61436 61537 61550 61745 62002 62144 90148 90150 90183 90223 90224 90257 90274 90285 90425 90473 90474 90527 90543 90562 90564 90567 90568 90571 90572 90573 90576 90578 90579 
0
0
COMPOSITE-REFPT_
0
2
1
91215 
0
0
SET-1
0
1
14
-2147483647
48 1 16 5 0 1 0 -1 -1 91212 1 -1879048189 3 91212 
0
0
SET-10
0
1
596
-2147483647
2376 1 16 587 0 1 0 -1 -1 88667 166 -1879048024 -1879048022 -1879048020 -1879048018 -1879048016 -1879048014 -1879048012 -1879048010 -1610612552 -1879048005 -1879048003 -1879048001 -1879047999 -1879047997 -1610612539 -1610612536 -1342177077 -1879047985 -1879047983 -1879047981 -1610612523 -1879047976 -1610612518 -1879047971 -1342177057 -1610612509 -1342177050 -1879047958 -1879047956 -1610612498 -1342177039 -1879047947 -1610612489 -1610612486 -1610612483 -1879047936 -1610612478 -1342177019 -1610612471 -1879047924 -1879047922 -1342177008 -1879047916 -1610612458 -1342176999 -1610612451 -1610612448 -1879047901 -1879047899 -1879047897 -1342176983 -1342176979 -1342176975 -1879047883 -1342176969 -1879047877 -1879047875 -1342176961 -1610612413 -1879047866 -1342176952 -1342176948 -1879047856 -1879047854 -1879047852 -1879047850 -1879047848 -1879047846 -1879047844 -1879047842 -1879047840 -1879047838 -1879047836 -1879047834 -1610612376 -1342176917 -1610612369 -1879047822 -1879047820 -1610612362 -1342176903 -1879047811 -1879047809 -1879047807 -1879047805 -1342176891 -1879047799 -1879047797 -1879047795 -1879047793 -1879047791 -1879047789 -1879047787 -1879047785 -1879047783 -1879047781 -1879047779 -1879047777 -1879047775 -1610612317 -1610612314 -1610612311 -1879047764 -1610612306 -1879047759 -1342176845 -1879047753 -1879047751 -1610612293 -1879047746 -1610612288 -1610612285 -1610612282 -1879047735 -1610612277 -1879047730 -1610612272 -1610612269 -1879047722 -1879047720 -1879047718 -1610612260 -1879047713 -1342176799 -1879047707 -1879047705 -1610612247 -1879047700 -1879047698 -1610612240 -1879047693 -1879047691 -1342176777 -1610612229 -1610612226 -1879047679 -1879047677 -1879047675 -1879047673 -1879047671 -1879047669 -1879047667 -1342176753 -1879047661 -1879047659 -1879047657 -1342176743 -1879047651 -1879047649 -1879047647 -1879047645 -1342176731 -1342176727 -1879047635 -1879047633 -1879047631 -1879047629 -1342176715 -1879047623 -1879047621 -1879047619 -1879047617 -1879047615 -1879047613 -1342176699 -1879047607 3 33 38 355 396 7 414 30 448 15 467 2635 3229 8732 12072 1 12076 6 2 12088 2 12091 1 12093 3 12097 1 12099 2 12103 2 2 12108 2 2 12113 2 4 3 12125 1 12128 3 12132 2 12136 2 2 12141 1 12144 2 2 12148 3 12153 1 2 5 12162 2 2 12190 1 2 20 12223 1 12226 2 12229 3 2 12243 1 2 8 12258 1 12262 3 2 12270 2 9 12309 3 3 12320 1 12338 2 2 12342 2 2 10 12356 2 3 12364 1 12371 2 12376 1 2 19 12397 2 12401 2 2 12431 2 2 4 12442 2 4 12450 2 2 12459 2 12463 1 12465 4 12470 1 2 3 12475 2 2 4 12483 1 2 3 12488 3 12499 1 2 4 12505 3 12516 1 12518 2 2 7 12532 3 2 12542 3 12547 1 2 4 12553 2 2 3 12559 3 12563 2 12566 4 12572 1 12577 14 12592 1 12594 10 12605 16 12622 5 12628 3 12635 2 12639 3 12647 2 4 12657 1 2 8 12668 4 2 12684 2 12698 1 12704 2 4 12713 1 2 10 12726 3 12731 2 12734 1 12736 2 12739 3 2 4 12747 1 12749 2 12752 1 12754 3 12758 2 12761 1 12763 3 12767 1 12769 16 12786 1 12788 4 12793 3 12797 2 12800 2 2 12809 2 8 12894 3 6 12915 1 12928 3 2 12934 3 12956 1 2 13 12975 2 12978 1 12982 3 2 12990 1 12998 2 3 13006 2 7 13033 2 4 13046 2 13049 2 2 13056 1 13060 2 3 13069 2 2 13073 2 13076 1 13081 3 13085 2 2 13089 3 13093 1 2 3 13098 4 13103 2 13107 2 2 13117 1 13120 2 13125 2 2 13129 3 13133 1 13136 2 3 3 13145 3 2 13152 2 2 13156 2 13162 1 13166 4 13171 2 13179 1 13181 2 13184 4 13189 1 2 3 13194 2 13197 1 13199 7 13207 2 3 3 13216 1 13219 2 13222 10 13233 1 13236 3 2 4 13244 2 3 3 13253 3 13258 2 13262 6 13269 2 13274 1 2 4 13280 2 13283 5 13289 1 13293 7 13301 2 13305 9 13318 5 2 6 13330 76406 
0
0
SET-11
0
1
183
-2147483647
724 1 16 174 0 1 0 -1 -1 327 21 -1073741801 -1073741786 -1073741782 -268435408 -268435402 -1073741764 -1073741761 -1073741756 -1073741747 -268435359 -1073741721 -1073741718 -268435343 -1073741705 -268435331 -1073741693 -1073741687 -268435311 -1073741673 -1073741665 -1073741658 3 416 818413571 4094 0 0 0 -33554432 -4193793 7 0 0 0 2096128 2032064 3107 64 1073512416 1048320 12067 128 3950416 13114596 1737781361 7 15523 32 2 2592 32768 -2147483648 31299 32 2 1408 2 1073741824 36291 32 67108864 36451 96 16 0 262272 36707 224 1024 536871936 0 16 0 131072 64 39043 576 67108864 0 0 2 256 0 1048576 16 0 0 1073741824 0 0 4194304 0 0 0 8192 40227 32 2 2464 536870912 33554432 56003 32 268435456 56291 160 8 0 0 0 8 56643 32 2 224 4194304 1048576 57091 128 32 0 512 8 57443 32 2 224 2097152 258 58243 128 512 0 0 134217728 61219 192 8389632 1024 0 0 0 65536 66755 32 2 13760 16777216 16 90115 192 268435456 134219784 595592016 134250752 1857172634 24575 90563 160 536870912 33695748 214450448 -34096974 62975 91011 192 1745092610 -2147483480 108199936 1581322603 33014186 795651 
0
0
SET-12
0
1
85
14 15 102 103 104 105 106 107 108 109 110 111 112 113 114 115 3102 3103 3104 3105 3106 3107 3108 3109 3110 3111 19074 28107 28210 28368 28420 28805 28842 28899 28973 29356 39876 40388 40421 41030 71427 87006 89799 89862 89864 89866 89868 89870 89872 89892 89894 89904 89907 89909 89991 89992 90042 90044 90062 90068 90070 90073 90075 90080 90083 90088 90090 90094 90102 90105 90108 90112 90113 90116 90118 90125 90126 90127 90130 90131 90132 90133 90134 90135 90136 
0
0
SET-13
0
1
54
3 4 12 33 34 35 36 37 89 90 91 92 93 94 95 96 3137 3138 3139 12111 12112 12114 12126 12147 12148 12150 12151 12155 12159 12162 17156 27232 27291 27298 27635 27732 27777 27799 30788 90777 90779 90781 90841 90889 90978 90988 90992 90993 90995 90996 90997 90998 90999 91000 
0
0
SET-19
0
1
1
91215 
0
0
SET-2
0
1
785
-2147483647
3132 1 16 776 0 1 0 -1 -1 4355 63 -1073741759 -1073741737 -1073741731 -1073741728 -1073741721 -1073741674 -268435302 -1073741663 -1073741659 -1073741656 -1073741649 -1073741646 -1073741637 -1073741631 -1073741628 -1073741622 -268435249 -1073741611 -1073741604 -1073741589 -1073741586 -1073741579 -1073741475 -1073741465 -1073741459 -1073741455 -1073741452 -268435079 -1073741441 -268435066 -1073741428 -1073741416 -1073741352 -1073741324 -1073741316 -268434934 -1073741296 -1073741291 -268434911 -268434905 -1073741263 -1073741251 -1073741246 -1073741243 -268434868 -1073741216 -1073741213 -1073741200 -1073741193 -1073741189 -1073741186 -1073741177 -1073741156 -268434779 -268434773 -268434767 -268434761 -1073741123 -1073741116 -1073741113 -268434741 -268434735 -1073741097 3 640 -252149761 -1 -1 131071 0 -33554432 -1 31 0 0 0 2096128 -4 -1 -1 -1 -1 -1 -1 67108863 1027 128 -524288 -1 -1 63 2691 32 4194303 3075 160 -134217728 -1 -1 -1 67108863 11939 1440 -4194304 -1 -1 -1 -1 -1 -1 -1 -1 -1 -1 -1 -1 -1 -1 -1 -1 -1 -1 -1 -1 -1 -1 -1 -1 -1 -1 -1 -1 -1 -1 -1 -1 -1 -1 -1 -1 -1 -1 -1 -1 -1 -1 -1 255 13603 64 1342177280 1 15523 32 3 448 100352 1376256 131072 17123 64 -2147483648 10 17539 32 -1476395008 18019 160 256 12288 0 -1610612736 2 18787 32 134217728 18979 224 131072 0 -2147483648 10 0 0 -1476395008 19907 128 42 0 0 352321536 20611 32 168 21507 128 176160768 0 -1610612736 2 21763 96 524288 12582912 2097152 22019 32 2 416 4 234881024 24675 160 -1610591232 21504 0 0 21664 25059 416 1342177280 8388609 0 698880 0 624951296 0 0 43008 262144 0 0 2752512 25667 32 768 25891 160 512 0 0 1073741824 44040197 26243 3264 1161822208 5 0 1342177280 1073741825 196608 1073741824 5 0 2752512 0 0 5505024 0 688128 0 0 0 342 5 19008 172032 688128 0 0 1342183424 1 3145728 1073741904 33554441 1677721600 2 -2059403232 1342177536 671088640 2768896 771751936 -1475870720 -1610612710 10240 1208131584 536870912 0 1075937280 4 185217024 539666464 1073762304 538083328 33 320 81962 0 67305472 20971712 165892 4096 4194304 1507664 0 176162816 294912 11010304 48 5376 1073750030 1342221058 -1434451926 536873602 10 0 18433 44040192 0 1073741824 11 5 -738197472 2688 524360 1610654292 671088768 10814464 12291 1744830484 1381632 536870952 0 43008 134217728 71307274 21888 -2125442268 40962 150995200 -2146762663 12582929 -1610612224 655360 262144 71303168 688128 29859 256 268435456 0 0 0 168 0 -1610612736 10242 30787 128 8921090 0 0 512 31267 64 262164 2 31459 32 524288 32003 96 1179648 0 10752 32707 32 2 192 1241513984 4 33891 160 262144 0 0 32 262144 34339 32 2 1216 32768 288 36227 320 21504 0 603979776 16384 0 2816 655360 21 8388608 264832 36675 1984 1073775752 1075840258 -1543498752 1610612736 1073741844 0 131072 64 1342181381 0 1078984784 10 0 0 0 174592 43339776 0 1420296208 9077312 2359296 3145728 43319456 -1476390240 33554432 24576 8192 599040 1409286144 16 2560 320 -1434451968 2838690 872742912 21012489 10912 1073747456 0 512 1396708352 1 1073741832 8 0 5242881 4194304 11141120 12288 17 0 0 33554432 16 33554432 0 1048576 10485760 48 0 0 49152 38851 832 33554432 393216 0 0 256 0 111149056 8264 -1610440704 2050 768 1207959552 1048576 30429232 26 8192 1073741824 0 8388768 20971564 64 0 41216 352256 0 131072 39843 192 1048576 2 82 0 0 538968064 40195 384 4 805306368 0 0 1024 16384 2 196612 1 2097152 0 128 41027 32 2 896 8 64 42627 96 16 0 234881024 44227 320 256 67108864 0 0 1 40960 0 0 0 16 49539 32 2 4576 536870912 134217728 54275 96 2 448 10752 0 98304 44040192 11264 8 55267 320 -2147481088 0 8388648 0 0 0 -2147483648 43008 0 768 55747 96 2688 67108864 1073741824 56003 32 268435456 56291 160 8 0 0 0 8 56643 256 2 384 4194304 0 0 0 536870912 0 0 1048576 4 72 32 0 1073742336 12 0 3072 57443 32 2097152 57603 352 2 0 259 8192 0 64 0 0 327680 0 10485760 58243 160 2621952 0 0 134217728 134217984 58915 64 1073741824 2097152 59619 32 71303168 60227 224 8192 0 40960 0 0 0 67108864 61219 608 29361152 -805305344 -2138046464 10 5242880 167968768 58720256 268435456 16777280 1207996416 2081 2052 16826368 17408 360 0 81920 0 134217728 61987 224 163840 0 0 0 536870912 320 1310720 62339 32 2 2144 536871040 67108864 64835 32 2 256 33554432 2048 65795 32 2 960 32780 16777216 67203 32 2 896 4096 131072 71299 160 8 0 0 0 1 72579 32 131072 77187 64 268435456 64 79139 32 2 1376 83886080 16 82531 32 2 4448 2048 134217728 89731 1504 -32 -1 -1 -1 -1 -1 -1 -1 -1 -1 -1 -1 -1 -1 -1 -1 -1 -1 -1 -1 -1 -1 -1 -1 -1 -1 -1 -1 -1 -1 -1 -1 -1 -1 -1 -1 -1 -1 -1 -1 -1 -1 -1 -1 -1 -1 4095 
0
0
SET-3
0
1
596
-2147483647
2376 1 16 587 0 1 0 -1 -1 88667 166 -1879048024 -1879048022 -1879048020 -1879048018 -1879048016 -1879048014 -1879048012 -1879048010 -1610612552 -1879048005 -1879048003 -1879048001 -1879047999 -1879047997 -1610612539 -1610612536 -1342177077 -1879047985 -1879047983 -1879047981 -1610612523 -1879047976 -1610612518 -1879047971 -1342177057 -1610612509 -1342177050 -1879047958 -1879047956 -1610612498 -1342177039 -1879047947 -1610612489 -1610612486 -1610612483 -1879047936 -1610612478 -1342177019 -1610612471 -1879047924 -1879047922 -1342177008 -1879047916 -1610612458 -1342176999 -1610612451 -1610612448 -1879047901 -1879047899 -1879047897 -1342176983 -1342176979 -1342176975 -1879047883 -1342176969 -1879047877 -1879047875 -1342176961 -1610612413 -1879047866 -1342176952 -1342176948 -1879047856 -1879047854 -1879047852 -1879047850 -1879047848 -1879047846 -1879047844 -1879047842 -1879047840 -1879047838 -1879047836 -1879047834 -1610612376 -1342176917 -1610612369 -1879047822 -1879047820 -1610612362 -1342176903 -1879047811 -1879047809 -1879047807 -1879047805 -1342176891 -1879047799 -1879047797 -1879047795 -1879047793 -1879047791 -1879047789 -1879047787 -1879047785 -1879047783 -1879047781 -1879047779 -1879047777 -1879047775 -1610612317 -1610612314 -1610612311 -1879047764 -1610612306 -1879047759 -1342176845 -1879047753 -1879047751 -1610612293 -1879047746 -1610612288 -1610612285 -1610612282 -1879047735 -1610612277 -1879047730 -1610612272 -1610612269 -1879047722 -1879047720 -1879047718 -1610612260 -1879047713 -1342176799 -1879047707 -1879047705 -1610612247 -1879047700 -1879047698 -1610612240 -1879047693 -1879047691 -1342176777 -1610612229 -1610612226 -1879047679 -1879047677 -1879047675 -1879047673 -1879047671 -1879047669 -1879047667 -1342176753 -1879047661 -1879047659 -1879047657 -1342176743 -1879047651 -1879047649 -1879047647 -1879047645 -1342176731 -1342176727 -1879047635 -1879047633 -1879047631 -1879047629 -1342176715 -1879047623 -1879047621 -1879047619 -1879047617 -1879047615 -1879047613 -1342176699 -1879047607 3 33 38 355 396 7 414 30 448 15 467 2635 3229 8732 12072 1 12076 6 2 12088 2 12091 1 12093 3 12097 1 12099 2 12103 2 2 12108 2 2 12113 2 4 3 12125 1 12128 3 12132 2 12136 2 2 12141 1 12144 2 2 12148 3 12153 1 2 5 12162 2 2 12190 1 2 20 12223 1 12226 2 12229 3 2 12243 1 2 8 12258 1 12262 3 2 12270 2 9 12309 3 3 12320 1 12338 2 2 12342 2 2 10 12356 2 3 12364 1 12371 2 12376 1 2 19 12397 2 12401 2 2 12431 2 2 4 12442 2 4 12450 2 2 12459 2 12463 1 12465 4 12470 1 2 3 12475 2 2 4 12483 1 2 3 12488 3 12499 1 2 4 12505 3 12516 1 12518 2 2 7 12532 3 2 12542 3 12547 1 2 4 12553 2 2 3 12559 3 12563 2 12566 4 12572 1 12577 14 12592 1 12594 10 12605 16 12622 5 12628 3 12635 2 12639 3 12647 2 4 12657 1 2 8 12668 4 2 12684 2 12698 1 12704 2 4 12713 1 2 10 12726 3 12731 2 12734 1 12736 2 12739 3 2 4 12747 1 12749 2 12752 1 12754 3 12758 2 12761 1 12763 3 12767 1 12769 16 12786 1 12788 4 12793 3 12797 2 12800 2 2 12809 2 8 12894 3 6 12915 1 12928 3 2 12934 3 12956 1 2 13 12975 2 12978 1 12982 3 2 12990 1 12998 2 3 13006 2 7 13033 2 4 13046 2 13049 2 2 13056 1 13060 2 3 13069 2 2 13073 2 13076 1 13081 3 13085 2 2 13089 3 13093 1 2 3 13098 4 13103 2 13107 2 2 13117 1 13120 2 13125 2 2 13129 3 13133 1 13136 2 3 3 13145 3 2 13152 2 2 13156 2 13162 1 13166 4 13171 2 13179 1 13181 2 13184 4 13189 1 2 3 13194 2 13197 1 13199 7 13207 2 3 3 13216 1 13219 2 13222 10 13233 1 13236 3 2 4 13244 2 3 3 13253 3 13258 2 13262 6 13269 2 13274 1 2 4 13280 2 13283 5 13289 1 13293 7 13301 2 13305 9 13318 5 2 6 13330 76406 
0
0
SET-4
0
1
785
-2147483647
3132 1 16 776 0 1 0 -1 -1 4355 63 -1073741759 -1073741737 -1073741731 -1073741728 -1073741721 -1073741674 -268435302 -1073741663 -1073741659 -1073741656 -1073741649 -1073741646 -1073741637 -1073741631 -1073741628 -1073741622 -268435249 -1073741611 -1073741604 -1073741589 -1073741586 -1073741579 -1073741475 -1073741465 -1073741459 -1073741455 -1073741452 -268435079 -1073741441 -268435066 -1073741428 -1073741416 -1073741352 -1073741324 -1073741316 -268434934 -1073741296 -1073741291 -268434911 -268434905 -1073741263 -1073741251 -1073741246 -1073741243 -268434868 -1073741216 -1073741213 -1073741200 -1073741193 -1073741189 -1073741186 -1073741177 -1073741156 -268434779 -268434773 -268434767 -268434761 -1073741123 -1073741116 -1073741113 -268434741 -268434735 -1073741097 3 640 -252149761 -1 -1 131071 0 -33554432 -1 31 0 0 0 2096128 -4 -1 -1 -1 -1 -1 -1 67108863 1027 128 -524288 -1 -1 63 2691 32 4194303 3075 160 -134217728 -1 -1 -1 67108863 11939 1440 -4194304 -1 -1 -1 -1 -1 -1 -1 -1 -1 -1 -1 -1 -1 -1 -1 -1 -1 -1 -1 -1 -1 -1 -1 -1 -1 -1 -1 -1 -1 -1 -1 -1 -1 -1 -1 -1 -1 -1 -1 -1 -1 -1 -1 255 13603 64 1342177280 1 15523 32 3 448 100352 1376256 131072 17123 64 -2147483648 10 17539 32 -1476395008 18019 160 256 12288 0 -1610612736 2 18787 32 134217728 18979 224 131072 0 -2147483648 10 0 0 -1476395008 19907 128 42 0 0 352321536 20611 32 168 21507 128 176160768 0 -1610612736 2 21763 96 524288 12582912 2097152 22019 32 2 416 4 234881024 24675 160 -1610591232 21504 0 0 21664 25059 416 1342177280 8388609 0 698880 0 624951296 0 0 43008 262144 0 0 2752512 25667 32 768 25891 160 512 0 0 1073741824 44040197 26243 3264 1161822208 5 0 1342177280 1073741825 196608 1073741824 5 0 2752512 0 0 5505024 0 688128 0 0 0 342 5 19008 172032 688128 0 0 1342183424 1 3145728 1073741904 33554441 1677721600 2 -2059403232 1342177536 671088640 2768896 771751936 -1475870720 -1610612710 10240 1208131584 536870912 0 1075937280 4 185217024 539666464 1073762304 538083328 33 320 81962 0 67305472 20971712 165892 4096 4194304 1507664 0 176162816 294912 11010304 48 5376 1073750030 1342221058 -1434451926 536873602 10 0 18433 44040192 0 1073741824 11 5 -738197472 2688 524360 1610654292 671088768 10814464 12291 1744830484 1381632 536870952 0 43008 134217728 71307274 21888 -2125442268 40962 150995200 -2146762663 12582929 -1610612224 655360 262144 71303168 688128 29859 256 268435456 0 0 0 168 0 -1610612736 10242 30787 128 8921090 0 0 512 31267 64 262164 2 31459 32 524288 32003 96 1179648 0 10752 32707 32 2 192 1241513984 4 33891 160 262144 0 0 32 262144 34339 32 2 1216 32768 288 36227 320 21504 0 603979776 16384 0 2816 655360 21 8388608 264832 36675 1984 1073775752 1075840258 -1543498752 1610612736 1073741844 0 131072 64 1342181381 0 1078984784 10 0 0 0 174592 43339776 0 1420296208 9077312 2359296 3145728 43319456 -1476390240 33554432 24576 8192 599040 1409286144 16 2560 320 -1434451968 2838690 872742912 21012489 10912 1073747456 0 512 1396708352 1 1073741832 8 0 5242881 4194304 11141120 12288 17 0 0 33554432 16 33554432 0 1048576 10485760 48 0 0 49152 38851 832 33554432 393216 0 0 256 0 111149056 8264 -1610440704 2050 768 1207959552 1048576 30429232 26 8192 1073741824 0 8388768 20971564 64 0 41216 352256 0 131072 39843 192 1048576 2 82 0 0 538968064 40195 384 4 805306368 0 0 1024 16384 2 196612 1 2097152 0 128 41027 32 2 896 8 64 42627 96 16 0 234881024 44227 320 256 67108864 0 0 1 40960 0 0 0 16 49539 32 2 4576 536870912 134217728 54275 96 2 448 10752 0 98304 44040192 11264 8 55267 320 -2147481088 0 8388648 0 0 0 -2147483648 43008 0 768 55747 96 2688 67108864 1073741824 56003 32 268435456 56291 160 8 0 0 0 8 56643 256 2 384 4194304 0 0 0 536870912 0 0 1048576 4 72 32 0 1073742336 12 0 3072 57443 32 2097152 57603 352 2 0 259 8192 0 64 0 0 327680 0 10485760 58243 160 2621952 0 0 134217728 134217984 58915 64 1073741824 2097152 59619 32 71303168 60227 224 8192 0 40960 0 0 0 67108864 61219 608 29361152 -805305344 -2138046464 10 5242880 167968768 58720256 268435456 16777280 1207996416 2081 2052 16826368 17408 360 0 81920 0 134217728 61987 224 163840 0 0 0 536870912 320 1310720 62339 32 2 2144 536871040 67108864 64835 32 2 256 33554432 2048 65795 32 2 960 32780 16777216 67203 32 2 896 4096 131072 71299 160 8 0 0 0 1 72579 32 131072 77187 64 268435456 64 79139 32 2 1376 83886080 16 82531 32 2 4448 2048 134217728 89731 1504 -32 -1 -1 -1 -1 -1 -1 -1 -1 -1 -1 -1 -1 -1 -1 -1 -1 -1 -1 -1 -1 -1 -1 -1 -1 -1 -1 -1 -1 -1 -1 -1 -1 -1 -1 -1 -1 -1 -1 -1 -1 -1 -1 -1 -1 -1 4095 
0
0
SET-5
0
1
14
-2147483647
48 1 16 5 0 1 0 -1 -1 91212 1 -1879048189 3 91212 
0
0
SET-6
0
1
785
-2147483647
3132 1 16 776 0 1 0 -1 -1 4355 63 -1073741759 -1073741737 -1073741731 -1073741728 -1073741721 -1073741674 -268435302 -1073741663 -1073741659 -1073741656 -1073741649 -1073741646 -1073741637 -1073741631 -1073741628 -1073741622 -268435249 -1073741611 -1073741604 -1073741589 -1073741586 -1073741579 -1073741475 -1073741465 -1073741459 -1073741455 -1073741452 -268435079 -1073741441 -268435066 -1073741428 -1073741416 -1073741352 -1073741324 -1073741316 -268434934 -1073741296 -1073741291 -268434911 -268434905 -1073741263 -1073741251 -1073741246 -1073741243 -268434868 -1073741216 -1073741213 -1073741200 -1073741193 -1073741189 -1073741186 -1073741177 -1073741156 -268434779 -268434773 -268434767 -268434761 -1073741123 -1073741116 -1073741113 -268434741 -268434735 -1073741097 3 640 -252149761 -1 -1 131071 0 -33554432 -1 31 0 0 0 2096128 -4 -1 -1 -1 -1 -1 -1 67108863 1027 128 -524288 -1 -1 63 2691 32 4194303 3075 160 -134217728 -1 -1 -1 67108863 11939 1440 -4194304 -1 -1 -1 -1 -1 -1 -1 -1 -1 -1 -1 -1 -1 -1 -1 -1 -1 -1 -1 -1 -1 -1 -1 -1 -1 -1 -1 -1 -1 -1 -1 -1 -1 -1 -1 -1 -1 -1 -1 -1 -1 -1 -1 255 13603 64 1342177280 1 15523 32 3 448 100352 1376256 131072 17123 64 -2147483648 10 17539 32 -1476395008 18019 160 256 12288 0 -1610612736 2 18787 32 134217728 18979 224 131072 0 -2147483648 10 0 0 -1476395008 19907 128 42 0 0 352321536 20611 32 168 21507 128 176160768 0 -1610612736 2 21763 96 524288 12582912 2097152 22019 32 2 416 4 234881024 24675 160 -1610591232 21504 0 0 21664 25059 416 1342177280 8388609 0 698880 0 624951296 0 0 43008 262144 0 0 2752512 25667 32 768 25891 160 512 0 0 1073741824 44040197 26243 3264 1161822208 5 0 1342177280 1073741825 196608 1073741824 5 0 2752512 0 0 5505024 0 688128 0 0 0 342 5 19008 172032 688128 0 0 1342183424 1 3145728 1073741904 33554441 1677721600 2 -2059403232 1342177536 671088640 2768896 771751936 -1475870720 -1610612710 10240 1208131584 536870912 0 1075937280 4 185217024 539666464 1073762304 538083328 33 320 81962 0 67305472 20971712 165892 4096 4194304 1507664 0 176162816 294912 11010304 48 5376 1073750030 1342221058 -1434451926 536873602 10 0 18433 44040192 0 1073741824 11 5 -738197472 2688 524360 1610654292 671088768 10814464 12291 1744830484 1381632 536870952 0 43008 134217728 71307274 21888 -2125442268 40962 150995200 -2146762663 12582929 -1610612224 655360 262144 71303168 688128 29859 256 268435456 0 0 0 168 0 -1610612736 10242 30787 128 8921090 0 0 512 31267 64 262164 2 31459 32 524288 32003 96 1179648 0 10752 32707 32 2 192 1241513984 4 33891 160 262144 0 0 32 262144 34339 32 2 1216 32768 288 36227 320 21504 0 603979776 16384 0 2816 655360 21 8388608 264832 36675 1984 1073775752 1075840258 -1543498752 1610612736 1073741844 0 131072 64 1342181381 0 1078984784 10 0 0 0 174592 43339776 0 1420296208 9077312 2359296 3145728 43319456 -1476390240 33554432 24576 8192 599040 1409286144 16 2560 320 -1434451968 2838690 872742912 21012489 10912 1073747456 0 512 1396708352 1 1073741832 8 0 5242881 4194304 11141120 12288 17 0 0 33554432 16 33554432 0 1048576 10485760 48 0 0 49152 38851 832 33554432 393216 0 0 256 0 111149056 8264 -1610440704 2050 768 1207959552 1048576 30429232 26 8192 1073741824 0 8388768 20971564 64 0 41216 352256 0 131072 39843 192 1048576 2 82 0 0 538968064 40195 384 4 805306368 0 0 1024 16384 2 196612 1 2097152 0 128 41027 32 2 896 8 64 42627 96 16 0 234881024 44227 320 256 67108864 0 0 1 40960 0 0 0 16 49539 32 2 4576 536870912 134217728 54275 96 2 448 10752 0 98304 44040192 11264 8 55267 320 -2147481088 0 8388648 0 0 0 -2147483648 43008 0 768 55747 96 2688 67108864 1073741824 56003 32 268435456 56291 160 8 0 0 0 8 56643 256 2 384 4194304 0 0 0 536870912 0 0 1048576 4 72 32 0 1073742336 12 0 3072 57443 32 2097152 57603 352 2 0 259 8192 0 64 0 0 327680 0 10485760 58243 160 2621952 0 0 134217728 134217984 58915 64 1073741824 2097152 59619 32 71303168 60227 224 8192 0 40960 0 0 0 67108864 61219 608 29361152 -805305344 -2138046464 10 5242880 167968768 58720256 268435456 16777280 1207996416 2081 2052 16826368 17408 360 0 81920 0 134217728 61987 224 163840 0 0 0 536870912 320 1310720 62339 32 2 2144 536871040 67108864 64835 32 2 256 33554432 2048 65795 32 2 960 32780 16777216 67203 32 2 896 4096 131072 71299 160 8 0 0 0 1 72579 32 131072 77187 64 268435456 64 79139 32 2 1376 83886080 16 82531 32 2 4448 2048 134217728 89731 1504 -32 -1 -1 -1 -1 -1 -1 -1 -1 -1 -1 -1 -1 -1 -1 -1 -1 -1 -1 -1 -1 -1 -1 -1 -1 -1 -1 -1 -1 -1 -1 -1 -1 -1 -1 -1 -1 -1 -1 -1 -1 -1 -1 -1 -1 -1 4095 
0
0
SET-9
0
1
785
-2147483647
3132 1 16 776 0 1 0 -1 -1 4355 63 -1073741759 -1073741737 -1073741731 -1073741728 -1073741721 -1073741674 -268435302 -1073741663 -1073741659 -1073741656 -1073741649 -1073741646 -1073741637 -1073741631 -1073741628 -1073741622 -268435249 -1073741611 -1073741604 -1073741589 -1073741586 -1073741579 -1073741475 -1073741465 -1073741459 -1073741455 -1073741452 -268435079 -1073741441 -268435066 -1073741428 -1073741416 -1073741352 -1073741324 -1073741316 -268434934 -1073741296 -1073741291 -268434911 -268434905 -1073741263 -1073741251 -1073741246 -1073741243 -268434868 -1073741216 -1073741213 -1073741200 -1073741193 -1073741189 -1073741186 -1073741177 -1073741156 -268434779 -268434773 -268434767 -268434761 -1073741123 -1073741116 -1073741113 -268434741 -268434735 -1073741097 3 640 -252149761 -1 -1 131071 0 -33554432 -1 31 0 0 0 2096128 -4 -1 -1 -1 -1 -1 -1 67108863 1027 128 -524288 -1 -1 63 2691 32 4194303 3075 160 -134217728 -1 -1 -1 67108863 11939 1440 -4194304 -1 -1 -1 -1 -1 -1 -1 -1 -1 -1 -1 -1 -1 -1 -1 -1 -1 -1 -1 -1 -1 -1 -1 -1 -1 -1 -1 -1 -1 -1 -1 -1 -1 -1 -1 -1 -1 -1 -1 -1 -1 -1 -1 255 13603 64 1342177280 1 15523 32 3 448 100352 1376256 131072 17123 64 -2147483648 10 17539 32 -1476395008 18019 160 256 12288 0 -1610612736 2 18787 32 134217728 18979 224 131072 0 -2147483648 10 0 0 -1476395008 19907 128 42 0 0 352321536 20611 32 168 21507 128 176160768 0 -1610612736 2 21763 96 524288 12582912 2097152 22019 32 2 416 4 234881024 24675 160 -1610591232 21504 0 0 21664 25059 416 1342177280 8388609 0 698880 0 624951296 0 0 43008 262144 0 0 2752512 25667 32 768 25891 160 512 0 0 1073741824 44040197 26243 3264 1161822208 5 0 1342177280 1073741825 196608 1073741824 5 0 2752512 0 0 5505024 0 688128 0 0 0 342 5 19008 172032 688128 0 0 1342183424 1 3145728 1073741904 33554441 1677721600 2 -2059403232 1342177536 671088640 2768896 771751936 -1475870720 -1610612710 10240 1208131584 536870912 0 1075937280 4 185217024 539666464 1073762304 538083328 33 320 81962 0 67305472 20971712 165892 4096 4194304 1507664 0 176162816 294912 11010304 48 5376 1073750030 1342221058 -1434451926 536873602 10 0 18433 44040192 0 1073741824 11 5 -738197472 2688 524360 1610654292 671088768 10814464 12291 1744830484 1381632 536870952 0 43008 134217728 71307274 21888 -2125442268 40962 150995200 -2146762663 12582929 -1610612224 655360 262144 71303168 688128 29859 256 268435456 0 0 0 168 0 -1610612736 10242 30787 128 8921090 0 0 512 31267 64 262164 2 31459 32 524288 32003 96 1179648 0 10752 32707 32 2 192 1241513984 4 33891 160 262144 0 0 32 262144 34339 32 2 1216 32768 288 36227 320 21504 0 603979776 16384 0 2816 655360 21 8388608 264832 36675 1984 1073775752 1075840258 -1543498752 1610612736 1073741844 0 131072 64 1342181381 0 1078984784 10 0 0 0 174592 43339776 0 1420296208 9077312 2359296 3145728 43319456 -1476390240 33554432 24576 8192 599040 1409286144 16 2560 320 -1434451968 2838690 872742912 21012489 10912 1073747456 0 512 1396708352 1 1073741832 8 0 5242881 4194304 11141120 12288 17 0 0 33554432 16 33554432 0 1048576 10485760 48 0 0 49152 38851 832 33554432 393216 0 0 256 0 111149056 8264 -1610440704 2050 768 1207959552 1048576 30429232 26 8192 1073741824 0 8388768 20971564 64 0 41216 352256 0 131072 39843 192 1048576 2 82 0 0 538968064 40195 384 4 805306368 0 0 1024 16384 2 196612 1 2097152 0 128 41027 32 2 896 8 64 42627 96 16 0 234881024 44227 320 256 67108864 0 0 1 40960 0 0 0 16 49539 32 2 4576 536870912 134217728 54275 96 2 448 10752 0 98304 44040192 11264 8 55267 320 -2147481088 0 8388648 0 0 0 -2147483648 43008 0 768 55747 96 2688 67108864 1073741824 56003 32 268435456 56291 160 8 0 0 0 8 56643 256 2 384 4194304 0 0 0 536870912 0 0 1048576 4 72 32 0 1073742336 12 0 3072 57443 32 2097152 57603 352 2 0 259 8192 0 64 0 0 327680 0 10485760 58243 160 2621952 0 0 134217728 134217984 58915 64 1073741824 2097152 59619 32 71303168 60227 224 8192 0 40960 0 0 0 67108864 61219 608 29361152 -805305344 -2138046464 10 5242880 167968768 58720256 268435456 16777280 1207996416 2081 2052 16826368 17408 360 0 81920 0 134217728 61987 224 163840 0 0 0 536870912 320 1310720 62339 32 2 2144 536871040 67108864 64835 32 2 256 33554432 2048 65795 32 2 960 32780 16777216 67203 32 2 896 4096 131072 71299 160 8 0 0 0 1 72579 32 131072 77187 64 268435456 64 79139 32 2 1376 83886080 16 82531 32 2 4448 2048 134217728 89731 1504 -32 -1 -1 -1 -1 -1 -1 -1 -1 -1 -1 -1 -1 -1 -1 -1 -1 -1 -1 -1 -1 -1 -1 -1 -1 -1 -1 -1 -1 -1 -1 -1 -1 -1 -1 -1 -1 -1 -1 -1 -1 -1 -1 -1 -1 -1 4095 
0
0
0
0
0
